process=6564, parent=6225
Dr. Memory version 2.3.0 build 1 built on Feb  6 2020 01:44:52
start time: 3680513:16:09.476 == 17:16:09.476 11/14/2020
Recorded 17 suppression(s) from default /home/marcelosdias/UFPEL/AED 1/GitHub/AED-1/Agenda/DrMemory-Linux-2.3.0-1/bin64/suppress-default.txt
new thread #0 id=6564
WARNING: symbol cache file has wrong version

module load event: "libdrmemorylib.so" 0x00007fada2f69000-0x00007fada30c8000 modid: 1 /home/marcelosdias/UFPEL/AED 1/GitHub/AED-1/Agenda/DrMemory-Linux-2.3.0-1/bin64/release/libdrmemorylib.so
WARNING: symbol cache file has wrong version

module load event: "a" 0x00007fadb2f69000-0x00007fadb2f6e000 modid: 2 /home/marcelosdias/UFPEL/AED 1/GitHub/AED-1/Agenda/a
WARNING: symbol cache file has wrong version

module load event: "ld-linux-x86-64.so.2" 0x00007fadb6f3e000-0x00007fadb6f6e000 modid: 3 /usr/lib/x86_64-linux-gnu/ld-2.31.so
WARNING: unable to load symbols for /usr/lib/x86_64-linux-gnu/ld-2.31.so
WARNING: symbol cache file has wrong version

module load event: "libdynamorio.so" 0x00007fadb6f74000-0x00007fadb718c000 modid: 4 /home/marcelosdias/UFPEL/AED 1/GitHub/AED-1/Agenda/DrMemory-Linux-2.3.0-1/dynamorio/lib64/release/libdynamorio.so
WARNING: unable to open [vdso]
WARNING: symbol cache file has wrong version

module load event: "linux-vdso.so.1" 0x00007ffd039ca000-0x00007ffd039cb000 modid: 5 [vdso]

module load event: "libc.so.6" 0x00007fadb6969000-0x00007fadb6b5b000 modid: 6 /usr/lib/x86_64-linux-gnu/libc-2.31.so
WARNING: unable to load symbols for /usr/lib/x86_64-linux-gnu/libc-2.31.so

NEW THREAD: main thread 6564


Error #1: UNINITIALIZED READ: reading register rax
# 0 insere (0x00007fadb2f6a36c <a+0x136c>) modid:2
# 1 main (0x00007fadb2f6a2cb <a+0x12cb>) modid:2
Note: @0:00:08.465 in thread 6564
Note: instruction: test   %rax %rax
	error end

Error #2: LEAK 40 direct bytes 0x00007fadb2f72000-0x00007fadb2f72028 + 0 indirect bytes
# 0 replace_malloc    [/drmemory_package/common/alloc_replace.c:2577] (0x00007fada2fb2bc0 <libdrmemorylib.so+0x49bc0>) modid:1
# 1 main (0x00007fadb2f6a26f <a+0x126f>) modid:2
	error end

Error #3: LEAK 16 direct bytes 0x00007fadb2f72050-0x00007fadb2f72060 + 112 indirect bytes
# 0 replace_malloc    [/drmemory_package/common/alloc_replace.c:2577] (0x00007fada2fb2bc0 <libdrmemorylib.so+0x49bc0>) modid:1
# 1 main (0x00007fadb2f6a27d <a+0x127d>) modid:2
	error end

Error #4: LEAK 16 direct bytes 0x00007fadb2f729e0-0x00007fadb2f729f0 + 0 indirect bytes
# 0 replace_malloc    [/drmemory_package/common/alloc_replace.c:2577] (0x00007fada2fb2bc0 <libdrmemorylib.so+0x49bc0>) modid:1
# 1 ordena (0x00007fadb2f6a6b5 <a+0x16b5>) modid:2
# 2 menuOrdenar (0x00007fadb2f6a9a1 <a+0x19a1>) modid:2
# 3 main (0x00007fadb2f6a318 <a+0x1318>) modid:2
	error end

DUPLICATE ERROR COUNTS:

SUPPRESSIONS USED:
	    15x: default i#79 (ld-linux)
	     2x (leaked    4504 bytes): default (ld-linux stores index+1)

ERRORS FOUND:
      0 unique,     0 total unaddressable access(es)
      1 unique,     1 total uninitialized access(es)
      0 unique,     0 total invalid heap argument(s)
      0 unique,     0 total warning(s)
      3 unique,     3 total,    184 byte(s) of leak(s)
      0 unique,     0 total,      0 byte(s) of possible leak(s)
ERRORS IGNORED:
      0 ignored assumed-innocuous system leak(s)
     15 unique,    18 total,   8753 byte(s) of still-reachable allocation(s)
         (re-run with "-show_reachable" for details)
Details: /home/marcelosdias/UFPEL/AED 1/GitHub/AED-1/Agenda/DrMemory-Linux-2.3.0-1/drmemory/logs/DrMemory-a.6564.000/results.txt

DUPLICATE POTENTIAL ERROR COUNTS:

POTENTIAL ERRORS FOUND:
      0 unique,     0 total potential unaddressable access(es)
      0 unique,     0 total potential uninitialized access(es)
      0 unique,     0 total potential invalid heap argument(s)
      0 unique,     0 total potential warning(s)
      0 unique,     0 total,      0 byte(s) of potential leak(s)
      0 unique,     0 total,      0 byte(s) of potential possible leak(s)
Details: /home/marcelosdias/UFPEL/AED 1/GitHub/AED-1/Agenda/DrMemory-Linux-2.3.0-1/drmemory/logs/DrMemory-a.6564.000/potential_errors.txt
Exiting @0:03:02.051 in thread 6564
LOG END
