process=43124, parent=42779
Dr. Memory version 2.3.0 build 1 built on Feb  6 2020 01:44:52
start time: 3680183:42:20.244 == 23:42:20.244 10/31/2020
Recorded 17 suppression(s) from default /home/marcelosdias/UFPEL/AED 1/GitHub/AED-1/Atividades da Terceira Semana/DrMemory-Linux-2.3.0-1/bin64/suppress-default.txt
new thread #0 id=43124
WARNING: symbol cache file has wrong version

module load event: "libdrmemorylib.so" 0x00007f0d70a95000-0x00007f0d70bf4000 modid: 1 /home/marcelosdias/UFPEL/AED 1/GitHub/AED-1/Atividades da Terceira Semana/DrMemory-Linux-2.3.0-1/bin64/release/libdrmemorylib.so
WARNING: symbol cache file has wrong version

module load event: "exercicio7" 0x00007f0d80a95000-0x00007f0d80a9a000 modid: 2 /home/marcelosdias/UFPEL/AED 1/GitHub/AED-1/Atividades da Terceira Semana/exercicio7
WARNING: symbol cache file has wrong version

module load event: "ld-linux-x86-64.so.2" 0x00007f0d84a6a000-0x00007f0d84a9a000 modid: 3 /usr/lib/x86_64-linux-gnu/ld-2.31.so
WARNING: unable to load symbols for /usr/lib/x86_64-linux-gnu/ld-2.31.so
WARNING: symbol cache file has wrong version

module load event: "libdynamorio.so" 0x00007f0d84aa0000-0x00007f0d84cb8000 modid: 4 /home/marcelosdias/UFPEL/AED 1/GitHub/AED-1/Atividades da Terceira Semana/DrMemory-Linux-2.3.0-1/dynamorio/lib64/release/libdynamorio.so
WARNING: unable to open [vdso]
WARNING: symbol cache file has wrong version

module load event: "linux-vdso.so.1" 0x00007ffd4a1f3000-0x00007ffd4a1f4000 modid: 5 [vdso]

module load event: "libc.so.6" 0x00007f0d84495000-0x00007f0d84687000 modid: 6 /usr/lib/x86_64-linux-gnu/libc-2.31.so
WARNING: unable to load symbols for /usr/lib/x86_64-linux-gnu/libc-2.31.so

NEW THREAD: main thread 43124


Error #1: UNADDRESSABLE ACCESS beyond heap bounds: reading 0x00007f0d80a9e874-0x00007f0d80a9e878 4 byte(s)
# 0 retiraRepetidos (0x00007f0d80a963e2 <exercicio7+0x13e2>) modid:2
# 1 main       (0x00007f0d80a9629e <exercicio7+0x129e>) modid:2
Note: @0:00:03.420 in thread 43124
Note: refers to 0 byte(s) beyond last valid byte in prior malloc
Note: prev lower malloc:  0x00007f0d80a9e860-0x00007f0d80a9e874
Note: instruction: mov    (%rax) -> %eax
	error end

Error #2: UNADDRESSABLE ACCESS beyond heap bounds: reading 0x00007f0d80a9e874-0x00007f0d80a9e878 4 byte(s)
# 0 retiraRepetidos (0x00007f0d80a96400 <exercicio7+0x1400>) modid:2
# 1 main       (0x00007f0d80a9629e <exercicio7+0x129e>) modid:2
Note: @0:00:03.421 in thread 43124
Note: refers to 0 byte(s) beyond last valid byte in prior malloc
Note: prev lower malloc:  0x00007f0d80a9e860-0x00007f0d80a9e874
Note: instruction: mov    (%rax) -> %eax
	error end

Error #3: UNADDRESSABLE ACCESS beyond heap bounds: reading 0x00007f0d80a9e874-0x00007f0d80a9e878 4 byte(s)
# 0 retiraRepetidos (0x00007f0d80a96469 <exercicio7+0x1469>) modid:2
# 1 main       (0x00007f0d80a9629e <exercicio7+0x129e>) modid:2
Note: @0:00:03.424 in thread 43124
Note: next higher malloc: 0x00007f0d80a9e8a0-0x00007f0d80a9e8ac
Note: refers to 0 byte(s) beyond last valid byte in prior malloc
Note: prev lower malloc:  0x00007f0d80a9e860-0x00007f0d80a9e874
Note: instruction: mov    (%rax) -> %eax
	error end

Error #4: UNADDRESSABLE ACCESS beyond heap bounds: writing 0x00007f0d80a9e8ac-0x00007f0d80a9e8b0 4 byte(s)
# 0 retiraRepetidos (0x00007f0d80a964a0 <exercicio7+0x14a0>) modid:2
# 1 main       (0x00007f0d80a9629e <exercicio7+0x129e>) modid:2
Note: @0:00:03.424 in thread 43124
Note: refers to 0 byte(s) beyond last valid byte in prior malloc
Note: prev lower malloc:  0x00007f0d80a9e8a0-0x00007f0d80a9e8ac
Note: instruction: mov    %eax -> (%rdx)
	error end

DUPLICATE ERROR COUNTS:

SUPPRESSIONS USED:
	    20x: default i#79 (ld-linux)
	     2x (leaked    4504 bytes): default (ld-linux stores index+1)

ERRORS FOUND:
      4 unique,     4 total unaddressable access(es)
      0 unique,     0 total uninitialized access(es)
      0 unique,     0 total invalid heap argument(s)
      0 unique,     0 total warning(s)
      0 unique,     0 total,      0 byte(s) of leak(s)
      0 unique,     0 total,      0 byte(s) of possible leak(s)
ERRORS IGNORED:
      0 ignored assumed-innocuous system leak(s)
     15 unique,    18 total,   8777 byte(s) of still-reachable allocation(s)
         (re-run with "-show_reachable" for details)
Details: /home/marcelosdias/UFPEL/AED 1/GitHub/AED-1/Atividades da Terceira Semana/DrMemory-Linux-2.3.0-1/drmemory/logs/DrMemory-exercicio7.43124.000/results.txt

DUPLICATE POTENTIAL ERROR COUNTS:

POTENTIAL ERRORS FOUND:
      0 unique,     0 total potential unaddressable access(es)
      0 unique,     0 total potential uninitialized access(es)
      0 unique,     0 total potential invalid heap argument(s)
      0 unique,     0 total potential warning(s)
      0 unique,     0 total,      0 byte(s) of potential leak(s)
      0 unique,     0 total,      0 byte(s) of potential possible leak(s)
Details: /home/marcelosdias/UFPEL/AED 1/GitHub/AED-1/Atividades da Terceira Semana/DrMemory-Linux-2.3.0-1/drmemory/logs/DrMemory-exercicio7.43124.000/potential_errors.txt
Exiting @0:00:03.465 in thread 43124
LOG END
