process=10963, parent=10252
Dr. Memory version 2.3.0 build 1 built on Feb  6 2020 01:44:52
start time: 3679741:07:24.398 == 13:07:24.398 10/13/2020
Recorded 17 suppression(s) from default /home/marcelosdias/UFPEL/AED 1/GitHub/AED-1/DrMemory-Linux-2.3.0-1/bin64/suppress-default.txt
new thread #0 id=10963
WARNING: symbol cache file has wrong version

module load event: "libdrmemorylib.so" 0x00007f6bcb894000-0x00007f6bcb9f3000 modid: 1 /home/marcelosdias/UFPEL/AED 1/GitHub/AED-1/DrMemory-Linux-2.3.0-1/bin64/release/libdrmemorylib.so
WARNING: symbol cache file has wrong version

module load event: "agenda2" 0x00007f6bdb894000-0x00007f6bdb899000 modid: 2 /home/marcelosdias/UFPEL/AED 1/GitHub/AED-1/agenda2
WARNING: symbol cache file has wrong version

module load event: "ld-linux-x86-64.so.2" 0x00007f6bdf869000-0x00007f6bdf899000 modid: 3 /usr/lib/x86_64-linux-gnu/ld-2.31.so
WARNING: unable to load symbols for /usr/lib/x86_64-linux-gnu/ld-2.31.so
WARNING: symbol cache file has wrong version

module load event: "libdynamorio.so" 0x00007f6bdf89f000-0x00007f6bdfab7000 modid: 4 /home/marcelosdias/UFPEL/AED 1/GitHub/AED-1/DrMemory-Linux-2.3.0-1/dynamorio/lib64/release/libdynamorio.so
WARNING: unable to open [vdso]
WARNING: symbol cache file has wrong version

module load event: "linux-vdso.so.1" 0x00007ffffdf8e000-0x00007ffffdf8f000 modid: 5 [vdso]

module load event: "libc.so.6" 0x00007f6bdf294000-0x00007f6bdf486000 modid: 6 /usr/lib/x86_64-linux-gnu/libc-2.31.so
WARNING: unable to load symbols for /usr/lib/x86_64-linux-gnu/libc-2.31.so

NEW THREAD: main thread 10963


Error #1: UNINITIALIZED READ: reading register edx
# 0 libc.so.6!toupper   (0x00007f6bdf2cb16d <libc.so.6+0x3716d>) modid:6
# 1 libc.so.6!__libc_start_main (0x00007f6bdf2bb0b3 <libc.so.6+0x270b3>) modid:6
# 2 _start  (0x00007f6bdb89520e <agenda2+0x120e>) modid:2
Note: @0:00:00.299 in thread 10963
Note: instruction: cmp    %edx $0x0000017f
	error end

Error #2: UNINITIALIZED READ: reading register rax
# 0 libc.so.6!toupper   (0x00007f6bdf2cb187 <libc.so.6+0x37187>) modid:6
# 1 libc.so.6!__libc_start_main (0x00007f6bdf2bb0b3 <libc.so.6+0x270b3>) modid:6
# 2 _start  (0x00007f6bdb89520e <agenda2+0x120e>) modid:2
Note: @0:00:00.300 in thread 10963
Note: instruction: mov    0x00000200(%rdx,%rax,4) -> %eax
	error end

Error #3: UNADDRESSABLE ACCESS beyond heap bounds: writing 0x00007f6bdb89d8c8-0x00007f6bdb89d8c9 1 byte(s) within 0x00007f6bdb89d8c7-0x00007f6bdb89d8c9
# 0 insert_name (0x00007f6bdb895479 <agenda2+0x1479>) modid:2
# 1 menu    (0x00007f6bdb895375 <agenda2+0x1375>) modid:2
# 2 main    (0x00007f6bdb8952db <agenda2+0x12db>) modid:2
Note: @0:00:17.531 in thread 10963
Note: refers to 0 byte(s) beyond last valid byte in prior malloc
Note: prev lower malloc:  0x00007f6bdb89d8c0-0x00007f6bdb89d8c8
Note: instruction: data16 mov    $0x003b -> (%rax)
	error end

Error #4: UNADDRESSABLE ACCESS beyond heap bounds: reading 0x00007f6bdb89d8c8-0x00007f6bdb89d8c9 1 byte(s)
# 0 replace_strlen    [/drmemory_package/drmemory/replace.c:412] (0x00007f6bcb9715e8 <libdrmemorylib.so+0xdd5e8>) modid:1
# 1 insert_name (0x00007f6bdb89548c <agenda2+0x148c>) modid:2
# 2 menu    (0x00007f6bdb895375 <agenda2+0x1375>) modid:2
# 3 main    (0x00007f6bdb8952db <agenda2+0x12db>) modid:2
Note: @0:00:30.037 in thread 10963
Note: next higher malloc: 0x00007f6bdb89d8f0-0x00007f6bdb89d922
Note: refers to 0 byte(s) beyond last valid byte in prior malloc
Note: prev lower malloc:  0x00007f6bdb89d8c0-0x00007f6bdb89d8c8
Note: instruction: movzx  (%rbx) -> %eax
	error end

Error #5: UNINITIALIZED READ: reading register al
# 0 replace_strcat    [/drmemory_package/drmemory/replace.c:645] (0x00007f6bcb971b6a <libdrmemorylib.so+0xddb6a>) modid:1
# 1 insert_name (0x00007f6bdb8954c8 <agenda2+0x14c8>) modid:2
# 2 menu    (0x00007f6bdb895375 <agenda2+0x1375>) modid:2
# 3 main    (0x00007f6bdb8952db <agenda2+0x12db>) modid:2
Note: @0:00:30.040 in thread 10963
Note: instruction: test   %al %al
	error end

Error #6: UNADDRESSABLE ACCESS beyond heap bounds: writing 0x00007f6bdb89d8cd-0x00007f6bdb89d8ce 1 byte(s) within 0x00007f6bdb89d8cc-0x00007f6bdb89d8ce
# 0 insert_name (0x00007f6bdb8954f1 <agenda2+0x14f1>) modid:2
# 1 menu    (0x00007f6bdb895375 <agenda2+0x1375>) modid:2
# 2 main    (0x00007f6bdb8952db <agenda2+0x12db>) modid:2
Note: @0:00:30.042 in thread 10963
Note: next higher malloc: 0x00007f6bdb89d8f0-0x00007f6bdb89d922
Note: refers to 0 byte(s) beyond last valid byte in prior malloc
Note: prev lower malloc:  0x00007f6bdb89d8c0-0x00007f6bdb89d8cd
Note: instruction: data16 mov    $0x003b -> (%rax)
	error end

Error #7: UNADDRESSABLE ACCESS beyond heap bounds: reading 0x00007f6bdb89d8cd-0x00007f6bdb89d8ce 1 byte(s)
# 0 replace_strlen    [/drmemory_package/drmemory/replace.c:412] (0x00007f6bcb9715e8 <libdrmemorylib.so+0xdd5e8>) modid:1
# 1 list_names (0x00007f6bdb8957b1 <agenda2+0x17b1>) modid:2
# 2 menu    (0x00007f6bdb8953a9 <agenda2+0x13a9>) modid:2
# 3 main    (0x00007f6bdb8952db <agenda2+0x12db>) modid:2
Note: @0:00:41.980 in thread 10963
Note: next higher malloc: 0x00007f6bdb89d8f0-0x00007f6bdb89d922
Note: refers to 0 byte(s) beyond last valid byte in prior malloc
Note: prev lower malloc:  0x00007f6bdb89d8c0-0x00007f6bdb89d8cd
Note: instruction: movzx  (%rbx) -> %eax
	error end

Error #8: UNADDRESSABLE ACCESS beyond heap bounds: reading 0x00007f6bdb89d8cd-0x00007f6bdb89d8ce 1 byte(s)
# 0 replace_strlen    [/drmemory_package/drmemory/replace.c:412] (0x00007f6bcb9715e8 <libdrmemorylib.so+0xdd5e8>) modid:1
# 1 remove_name (0x00007f6bdb8956c3 <agenda2+0x16c3>) modid:2
# 2 menu    (0x00007f6bdb89538f <agenda2+0x138f>) modid:2
# 3 main    (0x00007f6bdb8952db <agenda2+0x12db>) modid:2
Note: @0:00:49.622 in thread 10963
Note: next higher malloc: 0x00007f6bdb89d8f0-0x00007f6bdb89d922
Note: refers to 0 byte(s) beyond last valid byte in prior malloc
Note: prev lower malloc:  0x00007f6bdb89d8c0-0x00007f6bdb89d8cd
Note: instruction: movzx  (%rbx) -> %eax
	error end

Error #9: UNINITIALIZED READ: reading register al
# 0 replace_strlen    [/drmemory_package/drmemory/replace.c:412] (0x00007f6bcb9715eb <libdrmemorylib.so+0xdd5eb>) modid:1
# 1 remove_name (0x00007f6bdb8955e4 <agenda2+0x15e4>) modid:2
# 2 menu    (0x00007f6bdb89538f <agenda2+0x138f>) modid:2
# 3 main    (0x00007f6bdb8952db <agenda2+0x12db>) modid:2
Note: @0:00:49.628 in thread 10963
Note: instruction: test   %al %al
	error end

Error #10: UNINITIALIZED READ: reading register al
# 0 replace_strcpy    [/drmemory_package/drmemory/replace.c:596] (0x00007f6bcb971a54 <libdrmemorylib.so+0xdda54>) modid:1
# 1 remove_name (0x00007f6bdb895607 <agenda2+0x1607>) modid:2
# 2 menu    (0x00007f6bdb89538f <agenda2+0x138f>) modid:2
# 3 main    (0x00007f6bdb8952db <agenda2+0x12db>) modid:2
Note: @0:00:49.628 in thread 10963
Note: instruction: test   %al %al
	error end

Error #11: UNADDRESSABLE ACCESS beyond heap bounds: writing 0x00007f6bdb89da18-0x00007f6bdb89da19 1 byte(s) within 0x00007f6bdb89da17-0x00007f6bdb89da19
# 0 remove_name (0x00007f6bdb895630 <agenda2+0x1630>) modid:2
# 1 menu    (0x00007f6bdb89538f <agenda2+0x138f>) modid:2
# 2 main    (0x00007f6bdb8952db <agenda2+0x12db>) modid:2
Note: @0:00:49.630 in thread 10963
Note: refers to 0 byte(s) beyond last valid byte in prior malloc
Note: prev lower malloc:  0x00007f6bdb89da10-0x00007f6bdb89da18
Note: instruction: data16 mov    $0x003b -> (%rax)
	error end

Error #12: UNINITIALIZED READ: reading register al
# 0 replace_strcmp    [/drmemory_package/drmemory/replace.c:494] (0x00007f6bcb9717d8 <libdrmemorylib.so+0xdd7d8>) modid:1
# 1 remove_name (0x00007f6bdb8955c4 <agenda2+0x15c4>) modid:2
# 2 menu    (0x00007f6bdb89538f <agenda2+0x138f>) modid:2
# 3 main    (0x00007f6bdb8952db <agenda2+0x12db>) modid:2
Note: @0:00:49.631 in thread 10963
Note: instruction: test   %al %al
	error end

Error #13: UNADDRESSABLE ACCESS beyond heap bounds: reading 0x00007f6bdb89d8cd-0x00007f6bdb89d8ce 1 byte(s)
# 0 replace_strlen    [/drmemory_package/drmemory/replace.c:412] (0x00007f6bcb9715e8 <libdrmemorylib.so+0xdd5e8>) modid:1
# 1 remove_name (0x00007f6bdb8956dc <agenda2+0x16dc>) modid:2
# 2 menu    (0x00007f6bdb89538f <agenda2+0x138f>) modid:2
# 3 main    (0x00007f6bdb8952db <agenda2+0x12db>) modid:2
Note: @0:00:49.632 in thread 10963
Note: next higher malloc: 0x00007f6bdb89d8f0-0x00007f6bdb89d922
Note: refers to 0 byte(s) beyond last valid byte in prior malloc
Note: prev lower malloc:  0x00007f6bdb89d8c0-0x00007f6bdb89d8cd
Note: instruction: movzx  (%rbx) -> %eax
	error end

Error #14: LEAK 50 direct bytes 0x00007f6bdb89d860-0x00007f6bdb89d892 + 0 indirect bytes
# 0 replace_malloc    [/drmemory_package/common/alloc_replace.c:2577] (0x00007f6bcb8ddbc0 <libdrmemorylib.so+0x49bc0>) modid:1
# 1 insert_name (0x00007f6bdb89540a <agenda2+0x140a>) modid:2
# 2 menu    (0x00007f6bdb895375 <agenda2+0x1375>) modid:2
# 3 main    (0x00007f6bdb8952db <agenda2+0x12db>) modid:2
	error end

Error #15: LEAK 10 direct bytes 0x00007f6bdb89d8c0-0x00007f6bdb89d8ca + 0 indirect bytes
# 0 replace_malloc    [/drmemory_package/common/alloc_replace.c:2577] (0x00007f6bcb8ddbc0 <libdrmemorylib.so+0x49bc0>) modid:1
# 1 insert_name (0x00007f6bdb895439 <agenda2+0x1439>) modid:2
# 2 menu    (0x00007f6bdb895375 <agenda2+0x1375>) modid:2
# 3 main    (0x00007f6bdb8952db <agenda2+0x12db>) modid:2
	error end

Error #16: LEAK 50 direct bytes 0x00007f6bdb89d950-0x00007f6bdb89d982 + 0 indirect bytes
# 0 replace_malloc    [/drmemory_package/common/alloc_replace.c:2577] (0x00007f6bcb8ddbc0 <libdrmemorylib.so+0x49bc0>) modid:1
# 1 remove_name (0x00007f6bdb89551c <agenda2+0x151c>) modid:2
# 2 menu    (0x00007f6bdb89538f <agenda2+0x138f>) modid:2
# 3 main    (0x00007f6bdb8952db <agenda2+0x12db>) modid:2
	error end

Error #17: LEAK 50 direct bytes 0x00007f6bdb89d9b0-0x00007f6bdb89d9e2 + 0 indirect bytes
# 0 replace_malloc    [/drmemory_package/common/alloc_replace.c:2577] (0x00007f6bcb8ddbc0 <libdrmemorylib.so+0x49bc0>) modid:1
# 1 remove_name (0x00007f6bdb895569 <agenda2+0x1569>) modid:2
# 2 menu    (0x00007f6bdb89538f <agenda2+0x138f>) modid:2
# 3 main    (0x00007f6bdb8952db <agenda2+0x12db>) modid:2
	error end

DUPLICATE ERROR COUNTS:
	Error #   7:      3
	Error #   8:      3
	Error #  14:      2
	Error #  17:      2

SUPPRESSIONS USED:
	    20x: default i#79 (ld-linux)
	     2x (leaked    4504 bytes): default (ld-linux stores index+1)

ERRORS FOUND:
      7 unique,    11 total unaddressable access(es)
      6 unique,     6 total uninitialized access(es)
      0 unique,     0 total invalid heap argument(s)
      0 unique,     0 total warning(s)
      4 unique,     6 total,    260 byte(s) of leak(s)
      0 unique,     0 total,      0 byte(s) of possible leak(s)
ERRORS IGNORED:
      0 ignored assumed-innocuous system leak(s)
     16 unique,    19 total,   8785 byte(s) of still-reachable allocation(s)
         (re-run with "-show_reachable" for details)
Details: /home/marcelosdias/UFPEL/AED 1/GitHub/AED-1/DrMemory-Linux-2.3.0-1/drmemory/logs/DrMemory-agenda2.10963.000/results.txt

DUPLICATE POTENTIAL ERROR COUNTS:

POTENTIAL ERRORS FOUND:
      0 unique,     0 total potential unaddressable access(es)
      0 unique,     0 total potential uninitialized access(es)
      0 unique,     0 total potential invalid heap argument(s)
      0 unique,     0 total potential warning(s)
      0 unique,     0 total,      0 byte(s) of potential leak(s)
      0 unique,     0 total,      0 byte(s) of potential possible leak(s)
Details: /home/marcelosdias/UFPEL/AED 1/GitHub/AED-1/DrMemory-Linux-2.3.0-1/drmemory/logs/DrMemory-agenda2.10963.000/potential_errors.txt
Exiting @0:00:57.364 in thread 10963
LOG END
