process=23328, parent=20039
Dr. Memory version 2.3.0 build 1 built on Feb  6 2020 01:44:52
start time: 3679847:28:57.180 == 23:28:57.180 10/17/2020
Recorded 17 suppression(s) from default /home/marcelosdias/UFPEL/AED 1/GitHub/AED-1/Atividades da Segunda Semana/DrMemory-Linux-2.3.0-1/bin64/suppress-default.txt
new thread #0 id=23328
WARNING: symbol cache file has wrong version

module load event: "libdrmemorylib.so" 0x00007f3eeb7d2000-0x00007f3eeb931000 modid: 1 /home/marcelosdias/UFPEL/AED 1/GitHub/AED-1/Atividades da Segunda Semana/DrMemory-Linux-2.3.0-1/bin64/release/libdrmemorylib.so
WARNING: symbol cache file has wrong version

module load event: "slide27" 0x00007f3efb7d2000-0x00007f3efb7d7000 modid: 2 /home/marcelosdias/UFPEL/AED 1/GitHub/AED-1/Atividades da Segunda Semana/slide27
WARNING: symbol cache file has wrong version

module load event: "ld-linux-x86-64.so.2" 0x00007f3eff7a7000-0x00007f3eff7d7000 modid: 3 /usr/lib/x86_64-linux-gnu/ld-2.31.so
WARNING: unable to load symbols for /usr/lib/x86_64-linux-gnu/ld-2.31.so
WARNING: symbol cache file has wrong version

module load event: "libdynamorio.so" 0x00007f3eff7dd000-0x00007f3eff9f5000 modid: 4 /home/marcelosdias/UFPEL/AED 1/GitHub/AED-1/Atividades da Segunda Semana/DrMemory-Linux-2.3.0-1/dynamorio/lib64/release/libdynamorio.so
WARNING: unable to open [vdso]
WARNING: symbol cache file has wrong version

module load event: "linux-vdso.so.1" 0x00007ffd9314c000-0x00007ffd9314d000 modid: 5 [vdso]

module load event: "libc.so.6" 0x00007f3eff1d2000-0x00007f3eff3c4000 modid: 6 /usr/lib/x86_64-linux-gnu/libc-2.31.so
WARNING: unable to load symbols for /usr/lib/x86_64-linux-gnu/libc-2.31.so

NEW THREAD: main thread 23328


Error #1: UNADDRESSABLE ACCESS beyond heap bounds: reading 0x00007f3efb7db454-0x00007f3efb7db458 4 byte(s)
# 0 replace_memmove   [/drmemory_package/drmemory/replace.c:763] (0x00007f3eeb8af244 <libdrmemorylib.so+0xdd244>) modid:1
# 1 realloc2 (0x00007f3efb7d32df <slide27+0x12df>) modid:2
# 2 main    (0x00007f3efb7d326b <slide27+0x126b>) modid:2
Note: @0:00:02.443 in thread 23328
Note: next higher malloc: 0x00007f3efb7db480-0x00007f3efb7db880
Note: refers to 0 byte(s) beyond last valid byte in prior malloc
Note: prev lower malloc:  0x00007f3efb7db450-0x00007f3efb7db454
Note: instruction: mov    (%r12) -> %eax
	error end

DUPLICATE ERROR COUNTS:
	Error #   1:     11

SUPPRESSIONS USED:
	    20x: default i#79 (ld-linux)
	     2x (leaked    4504 bytes): default (ld-linux stores index+1)

ERRORS FOUND:
      1 unique,    11 total unaddressable access(es)
      0 unique,     0 total uninitialized access(es)
      0 unique,     0 total invalid heap argument(s)
      0 unique,     0 total warning(s)
      0 unique,     0 total,      0 byte(s) of leak(s)
      0 unique,     0 total,      0 byte(s) of possible leak(s)
ERRORS IGNORED:
      0 ignored assumed-innocuous system leak(s)
     15 unique,    18 total,   8801 byte(s) of still-reachable allocation(s)
         (re-run with "-show_reachable" for details)
Details: /home/marcelosdias/UFPEL/AED 1/GitHub/AED-1/Atividades da Segunda Semana/DrMemory-Linux-2.3.0-1/drmemory/logs/DrMemory-slide27.23328.000/results.txt

DUPLICATE POTENTIAL ERROR COUNTS:

POTENTIAL ERRORS FOUND:
      0 unique,     0 total potential unaddressable access(es)
      0 unique,     0 total potential uninitialized access(es)
      0 unique,     0 total potential invalid heap argument(s)
      0 unique,     0 total potential warning(s)
      0 unique,     0 total,      0 byte(s) of potential leak(s)
      0 unique,     0 total,      0 byte(s) of potential possible leak(s)
Details: /home/marcelosdias/UFPEL/AED 1/GitHub/AED-1/Atividades da Segunda Semana/DrMemory-Linux-2.3.0-1/drmemory/logs/DrMemory-slide27.23328.000/potential_errors.txt
Exiting @0:00:02.481 in thread 23328
LOG END
