process=27659, parent=27517
Dr. Memory version 2.3.0 build 1 built on Feb  6 2020 01:44:52
start time: 3679847:49:25.544 == 23:49:25.544 10/17/2020
Recorded 17 suppression(s) from default /home/marcelosdias/UFPEL/AED 1/GitHub/AED-1/Atividades da Segunda Semana/DrMemory-Linux-2.3.0-1/bin64/suppress-default.txt
new thread #0 id=27659
WARNING: symbol cache file has wrong version

module load event: "libdrmemorylib.so" 0x00007f0a9375d000-0x00007f0a938bc000 modid: 1 /home/marcelosdias/UFPEL/AED 1/GitHub/AED-1/Atividades da Segunda Semana/DrMemory-Linux-2.3.0-1/bin64/release/libdrmemorylib.so
WARNING: symbol cache file has wrong version

module load event: "slide27" 0x00007f0aa375d000-0x00007f0aa3762000 modid: 2 /home/marcelosdias/UFPEL/AED 1/GitHub/AED-1/Atividades da Segunda Semana/slide27
WARNING: symbol cache file has wrong version

module load event: "ld-linux-x86-64.so.2" 0x00007f0aa7732000-0x00007f0aa7762000 modid: 3 /usr/lib/x86_64-linux-gnu/ld-2.31.so
WARNING: unable to load symbols for /usr/lib/x86_64-linux-gnu/ld-2.31.so
WARNING: symbol cache file has wrong version

module load event: "libdynamorio.so" 0x00007f0aa7768000-0x00007f0aa7980000 modid: 4 /home/marcelosdias/UFPEL/AED 1/GitHub/AED-1/Atividades da Segunda Semana/DrMemory-Linux-2.3.0-1/dynamorio/lib64/release/libdynamorio.so
WARNING: unable to open [vdso]
WARNING: symbol cache file has wrong version

module load event: "linux-vdso.so.1" 0x00007ffc444e1000-0x00007ffc444e2000 modid: 5 [vdso]

module load event: "libc.so.6" 0x00007f0aa715d000-0x00007f0aa734f000 modid: 6 /usr/lib/x86_64-linux-gnu/libc-2.31.so
WARNING: unable to load symbols for /usr/lib/x86_64-linux-gnu/libc-2.31.so

NEW THREAD: main thread 27659


Error #1: UNADDRESSABLE ACCESS beyond heap bounds: reading 0x00007f0aa376647c-0x00007f0aa3766480 4 byte(s)
# 0 replace_memmove   [/drmemory_package/drmemory/replace.c:791] (0x00007f0a9383a301 <libdrmemorylib.so+0xdd301>) modid:1
# 1 realloc2 (0x00007f0aa375e2aa <slide27+0x12aa>) modid:2
# 2 main    (0x00007f0aa375e23d <slide27+0x123d>) modid:2
Note: @0:00:02.267 in thread 27659
Note: next higher malloc: 0x00007f0aa3766480-0x00007f0aa3766610
Note: prev lower malloc:  0x00007f0aa3766450-0x00007f0aa376645c
Note: instruction: mov    0xfffffffc(%r12) -> %edx
	error end

DUPLICATE ERROR COUNTS:
	Error #   1:      9

SUPPRESSIONS USED:
	    20x: default i#79 (ld-linux)
	     2x (leaked    4504 bytes): default (ld-linux stores index+1)

ERRORS FOUND:
      1 unique,     9 total unaddressable access(es)
      0 unique,     0 total uninitialized access(es)
      0 unique,     0 total invalid heap argument(s)
      0 unique,     0 total warning(s)
      0 unique,     0 total,      0 byte(s) of leak(s)
      0 unique,     0 total,      0 byte(s) of possible leak(s)
ERRORS IGNORED:
      0 ignored assumed-innocuous system leak(s)
     14 unique,    17 total,   7777 byte(s) of still-reachable allocation(s)
         (re-run with "-show_reachable" for details)
Details: /home/marcelosdias/UFPEL/AED 1/GitHub/AED-1/Atividades da Segunda Semana/DrMemory-Linux-2.3.0-1/drmemory/logs/DrMemory-slide27.27659.000/results.txt

DUPLICATE POTENTIAL ERROR COUNTS:

POTENTIAL ERRORS FOUND:
      0 unique,     0 total potential unaddressable access(es)
      0 unique,     0 total potential uninitialized access(es)
      0 unique,     0 total potential invalid heap argument(s)
      0 unique,     0 total potential warning(s)
      0 unique,     0 total,      0 byte(s) of potential leak(s)
      0 unique,     0 total,      0 byte(s) of potential possible leak(s)
Details: /home/marcelosdias/UFPEL/AED 1/GitHub/AED-1/Atividades da Segunda Semana/DrMemory-Linux-2.3.0-1/drmemory/logs/DrMemory-slide27.27659.000/potential_errors.txt
Exiting @0:00:02.303 in thread 27659
LOG END
