process=8195, parent=8186
Dr. Memory version 2.3.0 build 1 built on Feb  6 2020 01:44:52
start time: 3679840:36:05.250 == 16:36:05.250 10/17/2020
Recorded 17 suppression(s) from default /home/marcelosdias/UFPEL/AED 1/GitHub/AED-1/Atividades da Segunda Semana/DrMemory-Linux-2.3.0-1/bin64/suppress-default.txt
new thread #0 id=8195
WARNING: symbol cache file has wrong version

module load event: "libdrmemorylib.so" 0x00007f4dc5406000-0x00007f4dc5565000 modid: 1 /home/marcelosdias/UFPEL/AED 1/GitHub/AED-1/Atividades da Segunda Semana/DrMemory-Linux-2.3.0-1/bin64/release/libdrmemorylib.so

module load event: "slide30" 0x00007f4dd5406000-0x00007f4dd540b000 modid: 2 /home/marcelosdias/UFPEL/AED 1/GitHub/AED-1/Atividades da Segunda Semana/slide30
WARNING: symbol cache file has wrong version

module load event: "ld-linux-x86-64.so.2" 0x00007f4dd93db000-0x00007f4dd940b000 modid: 3 /usr/lib/x86_64-linux-gnu/ld-2.31.so
WARNING: unable to load symbols for /usr/lib/x86_64-linux-gnu/ld-2.31.so
WARNING: symbol cache file has wrong version

module load event: "libdynamorio.so" 0x00007f4dd9411000-0x00007f4dd9629000 modid: 4 /home/marcelosdias/UFPEL/AED 1/GitHub/AED-1/Atividades da Segunda Semana/DrMemory-Linux-2.3.0-1/dynamorio/lib64/release/libdynamorio.so
WARNING: unable to open [vdso]
WARNING: symbol cache file has wrong version

module load event: "linux-vdso.so.1" 0x00007fffaa50f000-0x00007fffaa510000 modid: 5 [vdso]

module load event: "libc.so.6" 0x00007f4dd8e06000-0x00007f4dd8ff8000 modid: 6 /usr/lib/x86_64-linux-gnu/libc-2.31.so
WARNING: unable to load symbols for /usr/lib/x86_64-linux-gnu/libc-2.31.so

NEW THREAD: main thread 8195


Error #1: UNINITIALIZED READ: reading 0x00007fffaa4e73d4-0x00007fffaa4e73d8 4 byte(s)
# 0 colunaMatriz (0x00007f4dd54077c2 <slide30+0x17c2>) modid:2
# 1 main    (0x00007f4dd54073e1 <slide30+0x13e1>) modid:2
Note: @0:00:03.986 in thread 8195
Note: instruction: cmp    %eax 0xffffffd4(%rbp)
	error end

Error #2: UNINITIALIZED READ: reading 0x00007fffaa4e73d0-0x00007fffaa4e73d4 4 byte(s)
# 0 colunaMatriz (0x00007f4dd54077b2 <slide30+0x17b2>) modid:2
# 1 main    (0x00007f4dd54073e1 <slide30+0x13e1>) modid:2
Note: @0:00:03.986 in thread 8195
Note: instruction: cmp    %eax 0xffffffd0(%rbp)
	error end

DUPLICATE ERROR COUNTS:
	Error #   1:      3
	Error #   2:      3

SUPPRESSIONS USED:
	    20x: default i#79 (ld-linux)
	     2x (leaked    4504 bytes): default (ld-linux stores index+1)

ERRORS FOUND:
      0 unique,     0 total unaddressable access(es)
      2 unique,     6 total uninitialized access(es)
      0 unique,     0 total invalid heap argument(s)
      0 unique,     0 total warning(s)
      0 unique,     0 total,      0 byte(s) of leak(s)
      0 unique,     0 total,      0 byte(s) of possible leak(s)
ERRORS IGNORED:
      0 ignored assumed-innocuous system leak(s)
     15 unique,    18 total,   8777 byte(s) of still-reachable allocation(s)
         (re-run with "-show_reachable" for details)
Details: /home/marcelosdias/UFPEL/AED 1/GitHub/AED-1/Atividades da Segunda Semana/DrMemory-Linux-2.3.0-1/drmemory/logs/DrMemory-slide30.8195.000/results.txt

DUPLICATE POTENTIAL ERROR COUNTS:

POTENTIAL ERRORS FOUND:
      0 unique,     0 total potential unaddressable access(es)
      0 unique,     0 total potential uninitialized access(es)
      0 unique,     0 total potential invalid heap argument(s)
      0 unique,     0 total potential warning(s)
      0 unique,     0 total,      0 byte(s) of potential leak(s)
      0 unique,     0 total,      0 byte(s) of potential possible leak(s)
Details: /home/marcelosdias/UFPEL/AED 1/GitHub/AED-1/Atividades da Segunda Semana/DrMemory-Linux-2.3.0-1/drmemory/logs/DrMemory-slide30.8195.000/potential_errors.txt
Exiting @0:00:10.593 in thread 8195
LOG END
