process=8538, parent=8364
Dr. Memory version 2.3.0 build 1 built on Feb  6 2020 01:44:52
start time: 3680513:35:04.572 == 17:35:04.572 11/14/2020
Recorded 17 suppression(s) from default /home/marcelosdias/UFPEL/AED 1/GitHub/AED-1/Agenda/DrMemory-Linux-2.3.0-1/bin64/suppress-default.txt
new thread #0 id=8538
WARNING: symbol cache file has wrong version

module load event: "libdrmemorylib.so" 0x00007f712477d000-0x00007f71248dc000 modid: 1 /home/marcelosdias/UFPEL/AED 1/GitHub/AED-1/Agenda/DrMemory-Linux-2.3.0-1/bin64/release/libdrmemorylib.so
WARNING: symbol cache file has wrong version

module load event: "a" 0x00007f713477d000-0x00007f7134782000 modid: 2 /home/marcelosdias/UFPEL/AED 1/GitHub/AED-1/Agenda/a
WARNING: symbol cache file has wrong version

module load event: "ld-linux-x86-64.so.2" 0x00007f7138752000-0x00007f7138782000 modid: 3 /usr/lib/x86_64-linux-gnu/ld-2.31.so
WARNING: unable to load symbols for /usr/lib/x86_64-linux-gnu/ld-2.31.so
WARNING: symbol cache file has wrong version

module load event: "libdynamorio.so" 0x00007f7138788000-0x00007f71389a0000 modid: 4 /home/marcelosdias/UFPEL/AED 1/GitHub/AED-1/Agenda/DrMemory-Linux-2.3.0-1/dynamorio/lib64/release/libdynamorio.so
WARNING: unable to open [vdso]
WARNING: symbol cache file has wrong version

module load event: "linux-vdso.so.1" 0x00007ffd077ee000-0x00007ffd077ef000 modid: 5 [vdso]

module load event: "libc.so.6" 0x00007f713817d000-0x00007f713836f000 modid: 6 /usr/lib/x86_64-linux-gnu/libc-2.31.so
WARNING: unable to load symbols for /usr/lib/x86_64-linux-gnu/libc-2.31.so

NEW THREAD: main thread 8538


Error #1: UNINITIALIZED READ: reading register rax
# 0 insere (0x00007f713477e3f6 <a+0x13f6>) modid:2
# 1 main (0x00007f713477e2d5 <a+0x12d5>) modid:2
Note: @0:00:03.001 in thread 8538
Note: instruction: test   %rax %rax
	error end

Error #2: UNADDRESSABLE ACCESS of freed memory: reading 0x00007f7134786948-0x00007f7134786950 8 byte(s)
# 0 reset (0x00007f713477e382 <a+0x1382>) modid:2
# 1 main (0x00007f713477e342 <a+0x1342>) modid:2
Note: @0:00:08.340 in thread 8538
Note: prev lower malloc:  0x00007f71347864a0-0x00007f71347868a0
Note: 0x00007f7134786948-0x00007f7134786950 overlaps memory 0x00007f7134786920-0x00007f7134786958 that was freed here:
Note: # 0 replace_free      [/drmemory_package/common/alloc_replace.c:2707] (0x00007f71247c67a0 <libdrmemorylib.so+0x497a0>) modid:1
Note: # 1 reset (0x00007f713477e396 <a+0x1396>) modid:2
Note: # 2 main (0x00007f713477e342 <a+0x1342>) modid:2
Note: instruction: mov    0x28(%rax) -> %rax
	error end

Error #3: INVALID HEAP ARGUMENT to free 0x00007f7134786920
# 0 replace_free      [/drmemory_package/common/alloc_replace.c:2707] (0x00007f71247c67a0 <libdrmemorylib.so+0x497a0>) modid:1
# 1 reset (0x00007f713477e396 <a+0x1396>) modid:2
# 2 main (0x00007f713477e342 <a+0x1342>) modid:2
Note: @0:00:08.342 in thread 8538
Note: prev lower malloc:  0x00007f71347864a0-0x00007f71347868a0
Note: memory was previously freed here:
Note: # 0 replace_free      [/drmemory_package/common/alloc_replace.c:2707] (0x00007f71247c67a0 <libdrmemorylib.so+0x497a0>) modid:1
Note: # 1 reset (0x00007f713477e396 <a+0x1396>) modid:2
Note: # 2 main (0x00007f713477e342 <a+0x1342>) modid:2
	error end
