process=35575, parent=35494
Dr. Memory version 2.3.0 build 1 built on Feb  6 2020 01:44:52
start time: 3680037:55:57.735 == 21:55:57.735 10/25/2020
Recorded 17 suppression(s) from default /home/marcelosdias/UFPEL/AED 1/GitHub/AED-1/Atividades da Segunda Semana/DrMemory-Linux-2.3.0-1/bin64/suppress-default.txt
new thread #0 id=35575
WARNING: symbol cache file has wrong version

module load event: "libdrmemorylib.so" 0x00007f7719c6c000-0x00007f7719dcb000 modid: 1 /home/marcelosdias/UFPEL/AED 1/GitHub/AED-1/Atividades da Segunda Semana/DrMemory-Linux-2.3.0-1/bin64/release/libdrmemorylib.so

module load event: "aula2-slide28" 0x00007f7729c6c000-0x00007f7729c71000 modid: 2 /home/marcelosdias/UFPEL/AED 1/GitHub/AED-1/Atividades da Segunda Semana/aula2-slide28
WARNING: symbol cache file has wrong version

module load event: "ld-linux-x86-64.so.2" 0x00007f772dc41000-0x00007f772dc71000 modid: 3 /usr/lib/x86_64-linux-gnu/ld-2.31.so
WARNING: unable to load symbols for /usr/lib/x86_64-linux-gnu/ld-2.31.so
WARNING: symbol cache file has wrong version

module load event: "libdynamorio.so" 0x00007f772dc77000-0x00007f772de8f000 modid: 4 /home/marcelosdias/UFPEL/AED 1/GitHub/AED-1/Atividades da Segunda Semana/DrMemory-Linux-2.3.0-1/dynamorio/lib64/release/libdynamorio.so
WARNING: unable to open [vdso]
WARNING: symbol cache file has wrong version

module load event: "linux-vdso.so.1" 0x00007ffe8a508000-0x00007ffe8a509000 modid: 5 [vdso]

module load event: "libc.so.6" 0x00007f772d66c000-0x00007f772d85e000 modid: 6 /usr/lib/x86_64-linux-gnu/libc-2.31.so
WARNING: unable to load symbols for /usr/lib/x86_64-linux-gnu/libc-2.31.so

NEW THREAD: main thread 35575


Error #1: UNINITIALIZED READ: reading register eax
# 0 main          (0x00007f7729c6d39f <aula2-slide28+0x139f>) modid:2
Note: @0:00:04.061 in thread 35575
Note: instruction: cmp    %eax $0x00000001
	error end

Error #2: UNINITIALIZED READ: reading register eax
# 0 main          (0x00007f7729c6d3d9 <aula2-slide28+0x13d9>) modid:2
Note: @0:00:04.061 in thread 35575
Note: instruction: cmp    %eax $0x00000002
	error end

DUPLICATE ERROR COUNTS:

SUPPRESSIONS USED:
	    15x: default i#79 (ld-linux)
	     2x (leaked    4504 bytes): default (ld-linux stores index+1)

ERRORS FOUND:
      0 unique,     0 total unaddressable access(es)
      2 unique,     2 total uninitialized access(es)
      0 unique,     0 total invalid heap argument(s)
      0 unique,     0 total warning(s)
      0 unique,     0 total,      0 byte(s) of leak(s)
      0 unique,     0 total,      0 byte(s) of possible leak(s)
ERRORS IGNORED:
      0 ignored assumed-innocuous system leak(s)
     16 unique,    19 total,   8817 byte(s) of still-reachable allocation(s)
         (re-run with "-show_reachable" for details)
Details: /home/marcelosdias/UFPEL/AED 1/GitHub/AED-1/Atividades da Segunda Semana/DrMemory-Linux-2.3.0-1/drmemory/logs/DrMemory-aula2-slide28.35575.000/results.txt

DUPLICATE POTENTIAL ERROR COUNTS:

POTENTIAL ERRORS FOUND:
      0 unique,     0 total potential unaddressable access(es)
      0 unique,     0 total potential uninitialized access(es)
      0 unique,     0 total potential invalid heap argument(s)
      0 unique,     0 total potential warning(s)
      0 unique,     0 total,      0 byte(s) of potential leak(s)
      0 unique,     0 total,      0 byte(s) of potential possible leak(s)
Details: /home/marcelosdias/UFPEL/AED 1/GitHub/AED-1/Atividades da Segunda Semana/DrMemory-Linux-2.3.0-1/drmemory/logs/DrMemory-aula2-slide28.35575.000/potential_errors.txt
Exiting @0:00:08.964 in thread 35575
LOG END
