process=42825, parent=42779
Dr. Memory version 2.3.0 build 1 built on Feb  6 2020 01:44:52
start time: 3680183:39:17.823 == 23:39:17.823 10/31/2020
Recorded 17 suppression(s) from default /home/marcelosdias/UFPEL/AED 1/GitHub/AED-1/Atividades da Terceira Semana/DrMemory-Linux-2.3.0-1/bin64/suppress-default.txt
new thread #0 id=42825
WARNING: symbol cache file has wrong version

module load event: "libdrmemorylib.so" 0x00007efc24e05000-0x00007efc24f64000 modid: 1 /home/marcelosdias/UFPEL/AED 1/GitHub/AED-1/Atividades da Terceira Semana/DrMemory-Linux-2.3.0-1/bin64/release/libdrmemorylib.so

module load event: "exercicio7" 0x00007efc34e05000-0x00007efc34e0a000 modid: 2 /home/marcelosdias/UFPEL/AED 1/GitHub/AED-1/Atividades da Terceira Semana/exercicio7
WARNING: symbol cache file has wrong version

module load event: "ld-linux-x86-64.so.2" 0x00007efc38dda000-0x00007efc38e0a000 modid: 3 /usr/lib/x86_64-linux-gnu/ld-2.31.so
WARNING: unable to load symbols for /usr/lib/x86_64-linux-gnu/ld-2.31.so
WARNING: symbol cache file has wrong version

module load event: "libdynamorio.so" 0x00007efc38e10000-0x00007efc39028000 modid: 4 /home/marcelosdias/UFPEL/AED 1/GitHub/AED-1/Atividades da Terceira Semana/DrMemory-Linux-2.3.0-1/dynamorio/lib64/release/libdynamorio.so
WARNING: unable to open [vdso]
WARNING: symbol cache file has wrong version

module load event: "linux-vdso.so.1" 0x00007fff5abfb000-0x00007fff5abfc000 modid: 5 [vdso]

module load event: "libc.so.6" 0x00007efc38805000-0x00007efc389f7000 modid: 6 /usr/lib/x86_64-linux-gnu/libc-2.31.so
WARNING: unable to load symbols for /usr/lib/x86_64-linux-gnu/libc-2.31.so

NEW THREAD: main thread 42825


Error #1: UNADDRESSABLE ACCESS beyond heap bounds: reading 0x00007efc34e0e874-0x00007efc34e0e878 4 byte(s)
# 0 retiraRepetidos (0x00007efc34e0640b <exercicio7+0x140b>) modid:2
# 1 main       (0x00007efc34e0629e <exercicio7+0x129e>) modid:2
Note: @0:00:06.748 in thread 42825
Note: refers to 0 byte(s) beyond last valid byte in prior malloc
Note: prev lower malloc:  0x00007efc34e0e860-0x00007efc34e0e874
Note: instruction: mov    (%rax) -> %eax
	error end

Error #2: UNADDRESSABLE ACCESS beyond heap bounds: reading 0x00007efc34e0e874-0x00007efc34e0e878 4 byte(s)
# 0 retiraRepetidos (0x00007efc34e06474 <exercicio7+0x1474>) modid:2
# 1 main       (0x00007efc34e0629e <exercicio7+0x129e>) modid:2
Note: @0:00:06.752 in thread 42825
Note: next higher malloc: 0x00007efc34e0e8a0-0x00007efc34e0e8b0
Note: refers to 0 byte(s) beyond last valid byte in prior malloc
Note: prev lower malloc:  0x00007efc34e0e860-0x00007efc34e0e874
Note: instruction: mov    (%rax) -> %eax
	error end

Error #3: UNADDRESSABLE ACCESS beyond heap bounds: reading 0x00007efc34e0e8b0-0x00007efc34e0e8b4 4 byte(s)
# 0 main       (0x00007efc34e062c9 <exercicio7+0x12c9>) modid:2
Note: @0:00:06.756 in thread 42825
Note: refers to 0 byte(s) beyond last valid byte in prior malloc
Note: prev lower malloc:  0x00007efc34e0e8a0-0x00007efc34e0e8b0
Note: instruction: mov    (%rax) -> %eax
	error end

Error #4: INVALID HEAP ARGUMENT to free 0x00007efc34e0e8b0
# 0 replace_free      [/drmemory_package/common/alloc_replace.c:2707] (0x00007efc24e4e7a0 <libdrmemorylib.so+0x497a0>) modid:1
# 1 main       (0x00007efc34e062db <exercicio7+0x12db>) modid:2
Note: @0:00:06.759 in thread 42825
Note: refers to 0 byte(s) beyond last valid byte in prior malloc
Note: prev lower malloc:  0x00007efc34e0e8a0-0x00007efc34e0e8b0
	error end

Error #5: LEAK 16 direct bytes 0x00007efc34e0e8a0-0x00007efc34e0e8b0 + 0 indirect bytes
# 0 replace_malloc    [/drmemory_package/common/alloc_replace.c:2577] (0x00007efc24e4ebc0 <libdrmemorylib.so+0x49bc0>) modid:1
# 1 retiraRepetidos (0x00007efc34e06432 <exercicio7+0x1432>) modid:2
# 2 main       (0x00007efc34e0629e <exercicio7+0x129e>) modid:2
	error end

DUPLICATE ERROR COUNTS:

SUPPRESSIONS USED:
	    20x: default i#79 (ld-linux)
	     2x (leaked    4504 bytes): default (ld-linux stores index+1)

ERRORS FOUND:
      3 unique,     3 total unaddressable access(es)
      0 unique,     0 total uninitialized access(es)
      1 unique,     1 total invalid heap argument(s)
      0 unique,     0 total warning(s)
      1 unique,     1 total,     16 byte(s) of leak(s)
      0 unique,     0 total,      0 byte(s) of possible leak(s)
ERRORS IGNORED:
      0 ignored assumed-innocuous system leak(s)
     15 unique,    18 total,   8777 byte(s) of still-reachable allocation(s)
         (re-run with "-show_reachable" for details)
Details: /home/marcelosdias/UFPEL/AED 1/GitHub/AED-1/Atividades da Terceira Semana/DrMemory-Linux-2.3.0-1/drmemory/logs/DrMemory-exercicio7.42825.000/results.txt

DUPLICATE POTENTIAL ERROR COUNTS:

POTENTIAL ERRORS FOUND:
      0 unique,     0 total potential unaddressable access(es)
      0 unique,     0 total potential uninitialized access(es)
      0 unique,     0 total potential invalid heap argument(s)
      0 unique,     0 total potential warning(s)
      0 unique,     0 total,      0 byte(s) of potential leak(s)
      0 unique,     0 total,      0 byte(s) of potential possible leak(s)
Details: /home/marcelosdias/UFPEL/AED 1/GitHub/AED-1/Atividades da Terceira Semana/DrMemory-Linux-2.3.0-1/drmemory/logs/DrMemory-exercicio7.42825.000/potential_errors.txt
Exiting @0:00:06.839 in thread 42825
LOG END
