process=9897, parent=9842
Dr. Memory version 2.3.0 build 1 built on Feb  6 2020 01:44:52
start time: 3679845:33:12.050 == 21:33:12.050 10/17/2020
Recorded 17 suppression(s) from default /home/marcelosdias/UFPEL/AED 1/GitHub/AED-1/Atividades da Primeira Semana/DrMemory-Linux-2.3.0-1/bin64/suppress-default.txt
new thread #0 id=9897
WARNING: symbol cache file has wrong version

module load event: "libdrmemorylib.so" 0x00007fcfd85ac000-0x00007fcfd870b000 modid: 1 /home/marcelosdias/UFPEL/AED 1/GitHub/AED-1/Atividades da Primeira Semana/DrMemory-Linux-2.3.0-1/bin64/release/libdrmemorylib.so
WARNING: symbol cache file has wrong version

module load event: "agenda" 0x00007fcfe85ac000-0x00007fcfe85b1000 modid: 2 /home/marcelosdias/UFPEL/AED 1/GitHub/AED-1/Atividades da Primeira Semana/agenda
WARNING: symbol cache file has wrong version

module load event: "ld-linux-x86-64.so.2" 0x00007fcfec581000-0x00007fcfec5b1000 modid: 3 /usr/lib/x86_64-linux-gnu/ld-2.31.so
WARNING: unable to load symbols for /usr/lib/x86_64-linux-gnu/ld-2.31.so
WARNING: symbol cache file has wrong version

module load event: "libdynamorio.so" 0x00007fcfec5b7000-0x00007fcfec7cf000 modid: 4 /home/marcelosdias/UFPEL/AED 1/GitHub/AED-1/Atividades da Primeira Semana/DrMemory-Linux-2.3.0-1/dynamorio/lib64/release/libdynamorio.so
WARNING: unable to open [vdso]
WARNING: symbol cache file has wrong version

module load event: "linux-vdso.so.1" 0x00007fff2234e000-0x00007fff2234f000 modid: 5 [vdso]

module load event: "libc.so.6" 0x00007fcfebfac000-0x00007fcfec19e000 modid: 6 /usr/lib/x86_64-linux-gnu/libc-2.31.so
WARNING: unable to load symbols for /usr/lib/x86_64-linux-gnu/libc-2.31.so

Error #1: REACHABLE LEAK 1441 direct bytes 0x00007fcfe85b21a0-0x00007fcfe85b2741 + 0 indirect bytes
<memory was allocated before tool took control>
	error end

Error #2: REACHABLE LEAK 1185 direct bytes 0x00007fcfe85b2770-0x00007fcfe85b2c11 + 0 indirect bytes
<memory was allocated before tool took control>
	error end

Error #3: REACHABLE LEAK 16 direct bytes 0x00007fcfe85b2c40-0x00007fcfe85b2c50 + 0 indirect bytes
<memory was allocated before tool took control>
	error end

Error #4: REACHABLE LEAK 157 direct bytes 0x00007fcfe85b2c70-0x00007fcfe85b2d0d + 0 indirect bytes
<memory was allocated before tool took control>
	error end

Error #5: REACHABLE LEAK 40 direct bytes 0x00007fcfe85b2d30-0x00007fcfe85b2d58 + 0 indirect bytes
<memory was allocated before tool took control>
	error end

Error #6: REACHABLE LEAK 320 direct bytes 0x00007fcfe85b2d80-0x00007fcfe85b2ec0 + 0 indirect bytes
<memory was allocated before tool took control>
	error end

Error #7: REACHABLE LEAK 32 direct bytes 0x00007fcfe85b2ee0-0x00007fcfe85b2f00 + 0 indirect bytes
<memory was allocated before tool took control>
	error end

Error #8: REACHABLE LEAK 1194 direct bytes 0x00007fcfe85b2f20-0x00007fcfe85b33ca + 0 indirect bytes
<memory was allocated before tool took control>
	error end

Error #9: REACHABLE LEAK 32 direct bytes 0x00007fcfe85b33f0-0x00007fcfe85b3410 + 0 indirect bytes
<memory was allocated before tool took control>
	error end

Error #10: REACHABLE LEAK 40 direct bytes 0x00007fcfe85b3430-0x00007fcfe85b3458 + 0 indirect bytes
<memory was allocated before tool took control>
	error end

Error #11: REACHABLE LEAK 56 direct bytes 0x00007fcfe85b3480-0x00007fcfe85b34b8 + 0 indirect bytes
<memory was allocated before tool took control>
	error end

Error #12: REACHABLE LEAK 96 direct bytes 0x00007fcfe85b34e0-0x00007fcfe85b3540 + 0 indirect bytes
<memory was allocated before tool took control>
	error end

Error #13: REACHABLE LEAK 1040 direct bytes 0x00007fcfe85b39f0-0x00007fcfe85b3e00 + 0 indirect bytes
<memory was allocated before tool took control>
	error end

Error #14: REACHABLE LEAK 1024 direct bytes 0x00007fcfe85b5040-0x00007fcfe85b5440 + 0 indirect bytes
<memory was allocated before tool took control>
	error end

Error #15: REACHABLE LEAK 1024 direct bytes 0x00007fcfe85b5460-0x00007fcfe85b5860 + 0 indirect bytes
<memory was allocated before tool took control>
	error end

DUPLICATE ERROR COUNTS:
	Error #  12:      4

SUPPRESSIONS USED:
	    15x: default i#79 (ld-linux)
	     2x (leaked    4504 bytes): default (ld-linux stores index+1)

ERRORS FOUND:
      0 unique,     0 total unaddressable access(es)
      0 unique,     0 total uninitialized access(es)
      0 unique,     0 total invalid heap argument(s)
      0 unique,     0 total warning(s)
      0 unique,     0 total,      0 byte(s) of leak(s)
      0 unique,     0 total,      0 byte(s) of possible leak(s)
     15 unique,    18 total,   8753 byte(s) of still-reachable allocation(s)
NO ERRORS IGNORED
      0 ignored assumed-innocuous system leak(s)
Details: /home/marcelosdias/UFPEL/AED 1/GitHub/AED-1/Atividades da Primeira Semana/DrMemory-Linux-2.3.0-1/drmemory/logs/DrMemory-agenda.9897.000/results.txt

DUPLICATE POTENTIAL ERROR COUNTS:

POTENTIAL ERRORS FOUND:
      0 unique,     0 total potential unaddressable access(es)
      0 unique,     0 total potential uninitialized access(es)
      0 unique,     0 total potential invalid heap argument(s)
      0 unique,     0 total potential warning(s)
      0 unique,     0 total,      0 byte(s) of potential leak(s)
      0 unique,     0 total,      0 byte(s) of potential possible leak(s)
      0 unique,     0 total,      0 byte(s) of potential still-reachable allocation(s)
Details: /home/marcelosdias/UFPEL/AED 1/GitHub/AED-1/Atividades da Primeira Semana/DrMemory-Linux-2.3.0-1/drmemory/logs/DrMemory-agenda.9897.000/potential_errors.txt
Exiting @0:00:04.421 in thread 9897
LOG END
