process=8571, parent=8565
Dr. Memory version 2.3.0 build 1 built on Feb  6 2020 01:44:52
start time: 3680321:35:20.605 == 17:35:20.605 11/06/2020
Recorded 17 suppression(s) from default /home/marcelosdias/UFPEL/AED 1/Pilha/DrMemory-Linux-2.3.0-1/bin64/suppress-default.txt
new thread #0 id=8571
WARNING: symbol cache file has wrong version

module load event: "libdrmemorylib.so" 0x00007f97f3cd5000-0x00007f97f3e34000 modid: 1 /home/marcelosdias/UFPEL/AED 1/Pilha/DrMemory-Linux-2.3.0-1/bin64/release/libdrmemorylib.so
WARNING: symbol cache file has wrong version

module load event: "pilhaDinamica" 0x00007f9803cd5000-0x00007f9803cda000 modid: 2 /home/marcelosdias/UFPEL/AED 1/Pilha/pilhaDinamica
WARNING: symbol cache file has wrong version

module load event: "ld-linux-x86-64.so.2" 0x00007f9807caa000-0x00007f9807cda000 modid: 3 /usr/lib/x86_64-linux-gnu/ld-2.31.so
WARNING: unable to load symbols for /usr/lib/x86_64-linux-gnu/ld-2.31.so
WARNING: symbol cache file has wrong version

module load event: "libdynamorio.so" 0x00007f9807ce0000-0x00007f9807ef8000 modid: 4 /home/marcelosdias/UFPEL/AED 1/Pilha/DrMemory-Linux-2.3.0-1/dynamorio/lib64/release/libdynamorio.so
WARNING: unable to open [vdso]
WARNING: symbol cache file has wrong version

module load event: "linux-vdso.so.1" 0x00007ffe52af6000-0x00007ffe52af7000 modid: 5 [vdso]

module load event: "libc.so.6" 0x00007f98076d5000-0x00007f98078c7000 modid: 6 /usr/lib/x86_64-linux-gnu/libc-2.31.so
WARNING: unable to load symbols for /usr/lib/x86_64-linux-gnu/libc-2.31.so

NEW THREAD: main thread 8571


Error #1: UNINITIALIZED READ: reading register rax
# 0 PUSH          (0x00007f9803cd640c <pilhaDinamica+0x140c>) modid:2
# 1 main          (0x00007f9803cd62be <pilhaDinamica+0x12be>) modid:2
Note: @0:00:01.023 in thread 8571
Note: instruction: test   %rax %rax
	error end

Error #2: UNINITIALIZED READ: reading register rdx
# 0 PUSH          (0x00007f9803cd64ad <pilhaDinamica+0x14ad>) modid:2
# 1 main          (0x00007f9803cd62be <pilhaDinamica+0x12be>) modid:2
Note: @0:00:01.028 in thread 8571
Note: instruction: mov    %rcx -> (%rdx)
	error end

DUPLICATE ERROR COUNTS:

SUPPRESSIONS USED:
	    20x: default i#79 (ld-linux)
	     2x (leaked    4504 bytes): default (ld-linux stores index+1)

ERRORS FOUND:
      0 unique,     0 total unaddressable access(es)
      2 unique,     2 total uninitialized access(es)
      0 unique,     0 total invalid heap argument(s)
      0 unique,     0 total warning(s)
      0 unique,     0 total,      0 byte(s) of leak(s)
      0 unique,     0 total,      0 byte(s) of possible leak(s)
ERRORS IGNORED:
      0 ignored assumed-innocuous system leak(s)
     16 unique,    19 total,   7841 byte(s) of still-reachable allocation(s)
         (re-run with "-show_reachable" for details)
Details: /home/marcelosdias/UFPEL/AED 1/Pilha/DrMemory-Linux-2.3.0-1/drmemory/logs/DrMemory-pilhaDinamica.8571.000/results.txt

DUPLICATE POTENTIAL ERROR COUNTS:

POTENTIAL ERRORS FOUND:
      0 unique,     0 total potential unaddressable access(es)
      0 unique,     0 total potential uninitialized access(es)
      0 unique,     0 total potential invalid heap argument(s)
      0 unique,     0 total potential warning(s)
      0 unique,     0 total,      0 byte(s) of potential leak(s)
      0 unique,     0 total,      0 byte(s) of potential possible leak(s)
Details: /home/marcelosdias/UFPEL/AED 1/Pilha/DrMemory-Linux-2.3.0-1/drmemory/logs/DrMemory-pilhaDinamica.8571.000/potential_errors.txt
Exiting @0:00:02.118 in thread 8571
LOG END
