process=8208, parent=8186
Dr. Memory version 2.3.0 build 1 built on Feb  6 2020 01:44:52
start time: 3679840:36:23.998 == 16:36:23.998 10/17/2020
Recorded 17 suppression(s) from default /home/marcelosdias/UFPEL/AED 1/GitHub/AED-1/Atividades da Segunda Semana/DrMemory-Linux-2.3.0-1/bin64/suppress-default.txt
new thread #0 id=8208
WARNING: symbol cache file has wrong version

module load event: "libdrmemorylib.so" 0x00007f2f0f4ca000-0x00007f2f0f629000 modid: 1 /home/marcelosdias/UFPEL/AED 1/GitHub/AED-1/Atividades da Segunda Semana/DrMemory-Linux-2.3.0-1/bin64/release/libdrmemorylib.so
WARNING: symbol cache file has wrong version

module load event: "slide30" 0x00007f2f1f4ca000-0x00007f2f1f4cf000 modid: 2 /home/marcelosdias/UFPEL/AED 1/GitHub/AED-1/Atividades da Segunda Semana/slide30
WARNING: symbol cache file has wrong version

module load event: "ld-linux-x86-64.so.2" 0x00007f2f2349f000-0x00007f2f234cf000 modid: 3 /usr/lib/x86_64-linux-gnu/ld-2.31.so
WARNING: unable to load symbols for /usr/lib/x86_64-linux-gnu/ld-2.31.so
WARNING: symbol cache file has wrong version

module load event: "libdynamorio.so" 0x00007f2f234d5000-0x00007f2f236ed000 modid: 4 /home/marcelosdias/UFPEL/AED 1/GitHub/AED-1/Atividades da Segunda Semana/DrMemory-Linux-2.3.0-1/dynamorio/lib64/release/libdynamorio.so
WARNING: unable to open [vdso]
WARNING: symbol cache file has wrong version

module load event: "linux-vdso.so.1" 0x00007ffef85e0000-0x00007ffef85e1000 modid: 5 [vdso]

module load event: "libc.so.6" 0x00007f2f22eca000-0x00007f2f230bc000 modid: 6 /usr/lib/x86_64-linux-gnu/libc-2.31.so
WARNING: unable to load symbols for /usr/lib/x86_64-linux-gnu/libc-2.31.so

NEW THREAD: main thread 8208


Error #1: UNINITIALIZED READ: reading register r11
# 0 libc.so.6!?         (0x00007f2f22f44ad5 <libc.so.6+0x7aad5>) modid:6
# 1 libc.so.6!_IO_printf (0x00007f2f22f2eebf <libc.so.6+0x64ebf>) modid:6
# 2 libc.so.6!__libc_start_main (0x00007f2f22ef10b3 <libc.so.6+0x270b3>) modid:6
# 3 _start  (0x00007f2f1f4cb1ae <slide30+0x11ae>) modid:2
Note: @0:00:04.004 in thread 8208
Note: instruction: test   %r11 %r11
	error end

DUPLICATE ERROR COUNTS:

SUPPRESSIONS USED:
	    20x: default i#79 (ld-linux)
	     2x (leaked    4504 bytes): default (ld-linux stores index+1)

ERRORS FOUND:
      0 unique,     0 total unaddressable access(es)
      1 unique,     1 total uninitialized access(es)
      0 unique,     0 total invalid heap argument(s)
      0 unique,     0 total warning(s)
      0 unique,     0 total,      0 byte(s) of leak(s)
      0 unique,     0 total,      0 byte(s) of possible leak(s)
ERRORS IGNORED:
      0 ignored assumed-innocuous system leak(s)
     17 unique,    21 total,   8809 byte(s) of still-reachable allocation(s)
         (re-run with "-show_reachable" for details)
Details: /home/marcelosdias/UFPEL/AED 1/GitHub/AED-1/Atividades da Segunda Semana/DrMemory-Linux-2.3.0-1/drmemory/logs/DrMemory-slide30.8208.000/results.txt

DUPLICATE POTENTIAL ERROR COUNTS:

POTENTIAL ERRORS FOUND:
      0 unique,     0 total potential unaddressable access(es)
      0 unique,     0 total potential uninitialized access(es)
      0 unique,     0 total potential invalid heap argument(s)
      0 unique,     0 total potential warning(s)
      0 unique,     0 total,      0 byte(s) of potential leak(s)
      0 unique,     0 total,      0 byte(s) of potential possible leak(s)
Details: /home/marcelosdias/UFPEL/AED 1/GitHub/AED-1/Atividades da Segunda Semana/DrMemory-Linux-2.3.0-1/drmemory/logs/DrMemory-slide30.8208.000/potential_errors.txt
Exiting @0:04:34.000 in thread 8208
LOG END
