process=8276, parent=7552
Dr. Memory version 2.3.0 build 1 built on Feb  6 2020 01:44:52
start time: 3680513:32:58.441 == 17:32:58.442 11/14/2020
Recorded 17 suppression(s) from default /home/marcelosdias/UFPEL/AED 1/GitHub/AED-1/Agenda/DrMemory-Linux-2.3.0-1/bin64/suppress-default.txt
new thread #0 id=8276
WARNING: symbol cache file has wrong version

module load event: "libdrmemorylib.so" 0x00007fd1dd337000-0x00007fd1dd496000 modid: 1 /home/marcelosdias/UFPEL/AED 1/GitHub/AED-1/Agenda/DrMemory-Linux-2.3.0-1/bin64/release/libdrmemorylib.so
WARNING: symbol cache file has wrong version

module load event: "a" 0x00007fd1ed337000-0x00007fd1ed33c000 modid: 2 /home/marcelosdias/UFPEL/AED 1/GitHub/AED-1/Agenda/a
WARNING: symbol cache file has wrong version

module load event: "ld-linux-x86-64.so.2" 0x00007fd1f130c000-0x00007fd1f133c000 modid: 3 /usr/lib/x86_64-linux-gnu/ld-2.31.so
WARNING: unable to load symbols for /usr/lib/x86_64-linux-gnu/ld-2.31.so
WARNING: symbol cache file has wrong version

module load event: "libdynamorio.so" 0x00007fd1f1342000-0x00007fd1f155a000 modid: 4 /home/marcelosdias/UFPEL/AED 1/GitHub/AED-1/Agenda/DrMemory-Linux-2.3.0-1/dynamorio/lib64/release/libdynamorio.so
WARNING: unable to open [vdso]
WARNING: symbol cache file has wrong version

module load event: "linux-vdso.so.1" 0x00007fff4095c000-0x00007fff4095d000 modid: 5 [vdso]

module load event: "libc.so.6" 0x00007fd1f0d37000-0x00007fd1f0f29000 modid: 6 /usr/lib/x86_64-linux-gnu/libc-2.31.so
WARNING: unable to load symbols for /usr/lib/x86_64-linux-gnu/libc-2.31.so

NEW THREAD: main thread 8276


Error #1: UNINITIALIZED READ: reading register rax
# 0 insere (0x00007fd1ed3383d6 <a+0x13d6>) modid:2
# 1 main (0x00007fd1ed3382d5 <a+0x12d5>) modid:2
Note: @0:00:02.351 in thread 8276
Note: instruction: test   %rax %rax
	error end

Error #2: UNINITIALIZED READ: reading register rax
# 0 reset (0x00007fd1ed338378 <a+0x1378>) modid:2
# 1 main (0x00007fd1ed33832f <a+0x132f>) modid:2
Note: @0:00:02.352 in thread 8276
Note: instruction: mov    0x28(%rax) -> %rax
	error end

Error #3: UNADDRESSABLE ACCESS: reading 0x00007fd1dd3cbc85-0x00007fd1dd3cbc8d 8 byte(s)
# 0 reset (0x00007fd1ed338378 <a+0x1378>) modid:2
# 1 main (0x00007fd1ed33832f <a+0x132f>) modid:2
Note: @0:00:02.352 in thread 8276
Note: instruction: mov    0x28(%rax) -> %rax
	error end

Error #4: UNINITIALIZED READ: reading register rax
# 0 reset (0x00007fd1ed338358 <a+0x1358>) modid:2
# 1 main (0x00007fd1ed33832f <a+0x132f>) modid:2
Note: @0:00:02.353 in thread 8276
Note: instruction: mov    0x28(%rax) -> %rax
	error end

Error #5: UNADDRESSABLE ACCESS: reading 0x00007fd1dd3cbc85-0x00007fd1dd3cbc8d 8 byte(s)
# 0 reset (0x00007fd1ed338358 <a+0x1358>) modid:2
# 1 main (0x00007fd1ed33832f <a+0x132f>) modid:2
Note: @0:00:02.353 in thread 8276
Note: instruction: mov    0x28(%rax) -> %rax
	error end

Error #6: INVALID HEAP ARGUMENT to free 0x00007fd1dd3cbc5d
# 0 replace_free      [/drmemory_package/common/alloc_replace.c:2707] (0x00007fd1dd3807a0 <libdrmemorylib.so+0x497a0>) modid:1
# 1 reset (0x00007fd1ed33836c <a+0x136c>) modid:2
# 2 main (0x00007fd1ed33832f <a+0x132f>) modid:2
Note: @0:00:02.356 in thread 8276
	error end

DUPLICATE ERROR COUNTS:

SUPPRESSIONS USED:
	    15x: default i#79 (ld-linux)
	     2x (leaked    4504 bytes): default (ld-linux stores index+1)

ERRORS FOUND:
      2 unique,     2 total unaddressable access(es)
      3 unique,     3 total uninitialized access(es)
      1 unique,     1 total invalid heap argument(s)
      0 unique,     0 total warning(s)
      0 unique,     0 total,      0 byte(s) of leak(s)
      0 unique,     0 total,      0 byte(s) of possible leak(s)
ERRORS IGNORED:
      0 ignored assumed-innocuous system leak(s)
     18 unique,    21 total,   8865 byte(s) of still-reachable allocation(s)
         (re-run with "-show_reachable" for details)
Details: /home/marcelosdias/UFPEL/AED 1/GitHub/AED-1/Agenda/DrMemory-Linux-2.3.0-1/drmemory/logs/DrMemory-a.8276.000/results.txt

DUPLICATE POTENTIAL ERROR COUNTS:

POTENTIAL ERRORS FOUND:
      0 unique,     0 total potential unaddressable access(es)
      0 unique,     0 total potential uninitialized access(es)
      0 unique,     0 total potential invalid heap argument(s)
      0 unique,     0 total potential warning(s)
      0 unique,     0 total,      0 byte(s) of potential leak(s)
      0 unique,     0 total,      0 byte(s) of potential possible leak(s)
Details: /home/marcelosdias/UFPEL/AED 1/GitHub/AED-1/Agenda/DrMemory-Linux-2.3.0-1/drmemory/logs/DrMemory-a.8276.000/potential_errors.txt
Exiting @0:00:02.376 in thread 8276
LOG END
