process=42464, parent=42402
Dr. Memory version 2.3.0 build 1 built on Feb  6 2020 01:44:52
start time: 3681283:17:16.450 == 19:17:16.450 12/16/2020
Recorded 17 suppression(s) from default /home/marcelosdias/UFPEL/AED 1/GitHub/AED-1/Estruturas de Dados/DrMemory-Linux-2.3.0-1/bin64/suppress-default.txt
new thread #0 id=42464
WARNING: symbol cache file has wrong version

module load event: "libdrmemorylib.so" 0x00007f056c969000-0x00007f056cac8000 modid: 1 /home/marcelosdias/UFPEL/AED 1/GitHub/AED-1/Estruturas de Dados/DrMemory-Linux-2.3.0-1/bin64/release/libdrmemorylib.so
WARNING: symbol cache file has wrong version

module load event: "pilhaDinamica" 0x00007f057c969000-0x00007f057c96e000 modid: 2 /home/marcelosdias/UFPEL/AED 1/GitHub/AED-1/Estruturas de Dados/pilhaDinamica
WARNING: symbol cache file has wrong version

module load event: "ld-linux-x86-64.so.2" 0x00007f058093e000-0x00007f058096e000 modid: 3 /usr/lib/x86_64-linux-gnu/ld-2.31.so
WARNING: unable to load symbols for /usr/lib/x86_64-linux-gnu/ld-2.31.so
WARNING: symbol cache file has wrong version

module load event: "libdynamorio.so" 0x00007f0580974000-0x00007f0580b8c000 modid: 4 /home/marcelosdias/UFPEL/AED 1/GitHub/AED-1/Estruturas de Dados/DrMemory-Linux-2.3.0-1/dynamorio/lib64/release/libdynamorio.so
WARNING: unable to open [vdso]
WARNING: symbol cache file has wrong version

module load event: "linux-vdso.so.1" 0x00007ffe4e59e000-0x00007ffe4e59f000 modid: 5 [vdso]

module load event: "libc.so.6" 0x00007f0580369000-0x00007f058055b000 modid: 6 /usr/lib/x86_64-linux-gnu/libc-2.31.so
WARNING: unable to load symbols for /usr/lib/x86_64-linux-gnu/libc-2.31.so

Error #1: LEAK 32 direct bytes 0x00007f057c972000-0x00007f057c972020 + 0 indirect bytes
# 0 replace_malloc    [/drmemory_package/common/alloc_replace.c:2577] (0x00007f056c9b2bc0 <libdrmemorylib.so+0x49bc0>) modid:1
# 1 main          (0x00007f057c96a236 <pilhaDinamica+0x1236>) modid:2
	error end

DUPLICATE ERROR COUNTS:

SUPPRESSIONS USED:
	    20x: default i#79 (ld-linux)
	     2x (leaked    4504 bytes): default (ld-linux stores index+1)

ERRORS FOUND:
      0 unique,     0 total unaddressable access(es)
      0 unique,     0 total uninitialized access(es)
      0 unique,     0 total invalid heap argument(s)
      0 unique,     0 total warning(s)
      1 unique,     1 total,     32 byte(s) of leak(s)
      0 unique,     0 total,      0 byte(s) of possible leak(s)
ERRORS IGNORED:
      0 ignored assumed-innocuous system leak(s)
     14 unique,    17 total,   7729 byte(s) of still-reachable allocation(s)
         (re-run with "-show_reachable" for details)
Details: /home/marcelosdias/UFPEL/AED 1/GitHub/AED-1/Estruturas de Dados/DrMemory-Linux-2.3.0-1/drmemory/logs/DrMemory-pilhaDinamica.42464.000/results.txt

DUPLICATE POTENTIAL ERROR COUNTS:

POTENTIAL ERRORS FOUND:
      0 unique,     0 total potential unaddressable access(es)
      0 unique,     0 total potential uninitialized access(es)
      0 unique,     0 total potential invalid heap argument(s)
      0 unique,     0 total potential warning(s)
      0 unique,     0 total,      0 byte(s) of potential leak(s)
      0 unique,     0 total,      0 byte(s) of potential possible leak(s)
Details: /home/marcelosdias/UFPEL/AED 1/GitHub/AED-1/Estruturas de Dados/DrMemory-Linux-2.3.0-1/drmemory/logs/DrMemory-pilhaDinamica.42464.000/potential_errors.txt
Exiting @0:00:00.767 in thread 42464
LOG END
