process=8604, parent=8598
Dr. Memory version 2.3.0 build 1 built on Feb  6 2020 01:44:52
start time: 3679740:43:12.362 == 12:43:12.362 10/13/2020
Recorded 17 suppression(s) from default /home/marcelosdias/UFPEL/AED 1/GitHub/AED-1/DrMemory-Linux-2.3.0-1/bin64/suppress-default.txt
new thread #0 id=8604
WARNING: symbol cache file has wrong version

module load event: "libdrmemorylib.so" 0x00007f17bc2fd000-0x00007f17bc45c000 modid: 1 /home/marcelosdias/UFPEL/AED 1/GitHub/AED-1/DrMemory-Linux-2.3.0-1/bin64/release/libdrmemorylib.so
WARNING: symbol cache file has wrong version

module load event: "agenda2" 0x00007f17cc2fd000-0x00007f17cc302000 modid: 2 /home/marcelosdias/UFPEL/AED 1/GitHub/AED-1/agenda2
WARNING: symbol cache file has wrong version

module load event: "ld-linux-x86-64.so.2" 0x00007f17d02d2000-0x00007f17d0302000 modid: 3 /usr/lib/x86_64-linux-gnu/ld-2.31.so
WARNING: unable to load symbols for /usr/lib/x86_64-linux-gnu/ld-2.31.so
WARNING: symbol cache file has wrong version

module load event: "libdynamorio.so" 0x00007f17d0308000-0x00007f17d0520000 modid: 4 /home/marcelosdias/UFPEL/AED 1/GitHub/AED-1/DrMemory-Linux-2.3.0-1/dynamorio/lib64/release/libdynamorio.so
WARNING: unable to open [vdso]
WARNING: symbol cache file has wrong version

module load event: "linux-vdso.so.1" 0x00007ffc1bfc5000-0x00007ffc1bfc6000 modid: 5 [vdso]

module load event: "libc.so.6" 0x00007f17cfcfd000-0x00007f17cfeef000 modid: 6 /usr/lib/x86_64-linux-gnu/libc-2.31.so
WARNING: unable to load symbols for /usr/lib/x86_64-linux-gnu/libc-2.31.so

NEW THREAD: main thread 8604


Error #1: UNADDRESSABLE ACCESS beyond heap bounds: reading 0x00007f17cc306868-0x00007f17cc306869 1 byte(s)
# 0 replace_strlen    [/drmemory_package/drmemory/replace.c:412] (0x00007f17bc3da5e8 <libdrmemorylib.so+0xdd5e8>) modid:1
# 1 insere  (0x00007f17cc2fe488 <agenda2+0x1488>) modid:2
# 2 main    (0x00007f17cc2fe367 <agenda2+0x1367>) modid:2
Note: @0:00:08.869 in thread 8604
Note: refers to 0 byte(s) beyond last valid byte in prior malloc
Note: prev lower malloc:  0x00007f17cc306860-0x00007f17cc306868
Note: instruction: movzx  (%rbx) -> %eax
	error end

DUPLICATE ERROR COUNTS:

SUPPRESSIONS USED:
	    20x: default i#79 (ld-linux)
	     2x (leaked    4504 bytes): default (ld-linux stores index+1)

ERRORS FOUND:
      1 unique,     1 total unaddressable access(es)
      0 unique,     0 total uninitialized access(es)
      0 unique,     0 total invalid heap argument(s)
      0 unique,     0 total warning(s)
      0 unique,     0 total,      0 byte(s) of leak(s)
      0 unique,     0 total,      0 byte(s) of possible leak(s)
ERRORS IGNORED:
      0 ignored assumed-innocuous system leak(s)
     16 unique,    19 total,   8790 byte(s) of still-reachable allocation(s)
         (re-run with "-show_reachable" for details)
Details: /home/marcelosdias/UFPEL/AED 1/GitHub/AED-1/DrMemory-Linux-2.3.0-1/drmemory/logs/DrMemory-agenda2.8604.000/results.txt

DUPLICATE POTENTIAL ERROR COUNTS:

POTENTIAL ERRORS FOUND:
      0 unique,     0 total potential unaddressable access(es)
      0 unique,     0 total potential uninitialized access(es)
      0 unique,     0 total potential invalid heap argument(s)
      0 unique,     0 total potential warning(s)
      0 unique,     0 total,      0 byte(s) of potential leak(s)
      0 unique,     0 total,      0 byte(s) of potential possible leak(s)
Details: /home/marcelosdias/UFPEL/AED 1/GitHub/AED-1/DrMemory-Linux-2.3.0-1/drmemory/logs/DrMemory-agenda2.8604.000/potential_errors.txt
Exiting @0:01:06.505 in thread 8604
LOG END
