process=8894, parent=8186
Dr. Memory version 2.3.0 build 1 built on Feb  6 2020 01:44:52
start time: 3679840:47:44.346 == 16:47:44.346 10/17/2020
Recorded 17 suppression(s) from default /home/marcelosdias/UFPEL/AED 1/GitHub/AED-1/Atividades da Segunda Semana/DrMemory-Linux-2.3.0-1/bin64/suppress-default.txt
new thread #0 id=8894
WARNING: symbol cache file has wrong version

module load event: "libdrmemorylib.so" 0x00007f4e30c16000-0x00007f4e30d75000 modid: 1 /home/marcelosdias/UFPEL/AED 1/GitHub/AED-1/Atividades da Segunda Semana/DrMemory-Linux-2.3.0-1/bin64/release/libdrmemorylib.so
WARNING: symbol cache file has wrong version

module load event: "slide30" 0x00007f4e40c16000-0x00007f4e40c1b000 modid: 2 /home/marcelosdias/UFPEL/AED 1/GitHub/AED-1/Atividades da Segunda Semana/slide30
WARNING: symbol cache file has wrong version

module load event: "ld-linux-x86-64.so.2" 0x00007f4e44beb000-0x00007f4e44c1b000 modid: 3 /usr/lib/x86_64-linux-gnu/ld-2.31.so
WARNING: unable to load symbols for /usr/lib/x86_64-linux-gnu/ld-2.31.so
WARNING: symbol cache file has wrong version

module load event: "libdynamorio.so" 0x00007f4e44c21000-0x00007f4e44e39000 modid: 4 /home/marcelosdias/UFPEL/AED 1/GitHub/AED-1/Atividades da Segunda Semana/DrMemory-Linux-2.3.0-1/dynamorio/lib64/release/libdynamorio.so
WARNING: unable to open [vdso]
WARNING: symbol cache file has wrong version

module load event: "linux-vdso.so.1" 0x00007fffe8356000-0x00007fffe8357000 modid: 5 [vdso]

module load event: "libc.so.6" 0x00007f4e44616000-0x00007f4e44808000 modid: 6 /usr/lib/x86_64-linux-gnu/libc-2.31.so
WARNING: unable to load symbols for /usr/lib/x86_64-linux-gnu/libc-2.31.so

NEW THREAD: main thread 8894


Error #1: INVALID HEAP ARGUMENT to free 0x00007f4e40c1f890
# 0 replace_free      [/drmemory_package/common/alloc_replace.c:2707] (0x00007f4e30c5f7a0 <libdrmemorylib.so+0x497a0>) modid:1
# 1 main    (0x00007f4e40c17462 <slide30+0x1462>) modid:2
Note: @0:00:03.918 in thread 8894
Note: prev lower malloc:  0x00007f4e40c1f860-0x00007f4e40c1f870
Note: memory was previously freed here:
Note: # 0 replace_free      [/drmemory_package/common/alloc_replace.c:2707] (0x00007f4e30c5f7a0 <libdrmemorylib.so+0x497a0>) modid:1
Note: # 1 liberaMatriz (0x00007f4e40c1790d <slide30+0x190d>) modid:2
Note: # 2 main    (0x00007f4e40c1743a <slide30+0x143a>) modid:2
	error end

DUPLICATE ERROR COUNTS:
	Error #   1:      2

SUPPRESSIONS USED:
	    20x: default i#79 (ld-linux)
	     2x (leaked    4504 bytes): default (ld-linux stores index+1)

ERRORS FOUND:
      0 unique,     0 total unaddressable access(es)
      0 unique,     0 total uninitialized access(es)
      1 unique,     2 total invalid heap argument(s)
      0 unique,     0 total warning(s)
      0 unique,     0 total,      0 byte(s) of leak(s)
      0 unique,     0 total,      0 byte(s) of possible leak(s)
ERRORS IGNORED:
      0 ignored assumed-innocuous system leak(s)
     15 unique,    18 total,   8777 byte(s) of still-reachable allocation(s)
         (re-run with "-show_reachable" for details)
Details: /home/marcelosdias/UFPEL/AED 1/GitHub/AED-1/Atividades da Segunda Semana/DrMemory-Linux-2.3.0-1/drmemory/logs/DrMemory-slide30.8894.000/results.txt

DUPLICATE POTENTIAL ERROR COUNTS:

POTENTIAL ERRORS FOUND:
      0 unique,     0 total potential unaddressable access(es)
      0 unique,     0 total potential uninitialized access(es)
      0 unique,     0 total potential invalid heap argument(s)
      0 unique,     0 total potential warning(s)
      0 unique,     0 total,      0 byte(s) of potential leak(s)
      0 unique,     0 total,      0 byte(s) of potential possible leak(s)
Details: /home/marcelosdias/UFPEL/AED 1/GitHub/AED-1/Atividades da Segunda Semana/DrMemory-Linux-2.3.0-1/drmemory/logs/DrMemory-slide30.8894.000/potential_errors.txt
Exiting @0:00:03.955 in thread 8894
LOG END
