process=8669, parent=8663
Dr. Memory version 2.3.0 build 1 built on Feb  6 2020 01:44:52
start time: 3680321:37:49.420 == 17:37:49.420 11/06/2020
Recorded 17 suppression(s) from default /home/marcelosdias/UFPEL/AED 1/Pilha/DrMemory-Linux-2.3.0-1/bin64/suppress-default.txt
new thread #0 id=8669
WARNING: symbol cache file has wrong version

module load event: "libdrmemorylib.so" 0x00007f553661f000-0x00007f553677e000 modid: 1 /home/marcelosdias/UFPEL/AED 1/Pilha/DrMemory-Linux-2.3.0-1/bin64/release/libdrmemorylib.so
WARNING: symbol cache file has wrong version

module load event: "pilhaDinamica" 0x00007f554661f000-0x00007f5546624000 modid: 2 /home/marcelosdias/UFPEL/AED 1/Pilha/pilhaDinamica
WARNING: symbol cache file has wrong version

module load event: "ld-linux-x86-64.so.2" 0x00007f554a5f4000-0x00007f554a624000 modid: 3 /usr/lib/x86_64-linux-gnu/ld-2.31.so
WARNING: unable to load symbols for /usr/lib/x86_64-linux-gnu/ld-2.31.so
WARNING: symbol cache file has wrong version

module load event: "libdynamorio.so" 0x00007f554a62a000-0x00007f554a842000 modid: 4 /home/marcelosdias/UFPEL/AED 1/Pilha/DrMemory-Linux-2.3.0-1/dynamorio/lib64/release/libdynamorio.so
WARNING: unable to open [vdso]
WARNING: symbol cache file has wrong version

module load event: "linux-vdso.so.1" 0x00007ffc0ebf4000-0x00007ffc0ebf5000 modid: 5 [vdso]

module load event: "libc.so.6" 0x00007f554a01f000-0x00007f554a211000 modid: 6 /usr/lib/x86_64-linux-gnu/libc-2.31.so
WARNING: unable to load symbols for /usr/lib/x86_64-linux-gnu/libc-2.31.so

Error #1: LEAK 112 direct bytes 0x00007f55466284e0-0x00007f5546628550 + 0 indirect bytes
# 0 replace_realloc   [/drmemory_package/common/alloc_replace.c:2669] (0x00007f5536668d40 <libdrmemorylib.so+0x49d40>) modid:1
# 1 PUSH          (0x00007f5546620480 <pilhaDinamica+0x1480>) modid:2
# 2 main          (0x00007f5546620311 <pilhaDinamica+0x1311>) modid:2
	error end

DUPLICATE ERROR COUNTS:

SUPPRESSIONS USED:
	    20x: default i#79 (ld-linux)
	     2x (leaked    4504 bytes): default (ld-linux stores index+1)

ERRORS FOUND:
      0 unique,     0 total unaddressable access(es)
      0 unique,     0 total uninitialized access(es)
      0 unique,     0 total invalid heap argument(s)
      0 unique,     0 total warning(s)
      1 unique,     1 total,    112 byte(s) of leak(s)
      0 unique,     0 total,      0 byte(s) of possible leak(s)
ERRORS IGNORED:
      0 ignored assumed-innocuous system leak(s)
     15 unique,    18 total,   8777 byte(s) of still-reachable allocation(s)
         (re-run with "-show_reachable" for details)
Details: /home/marcelosdias/UFPEL/AED 1/Pilha/DrMemory-Linux-2.3.0-1/drmemory/logs/DrMemory-pilhaDinamica.8669.000/results.txt

DUPLICATE POTENTIAL ERROR COUNTS:

POTENTIAL ERRORS FOUND:
      0 unique,     0 total potential unaddressable access(es)
      0 unique,     0 total potential uninitialized access(es)
      0 unique,     0 total potential invalid heap argument(s)
      0 unique,     0 total potential warning(s)
      0 unique,     0 total,      0 byte(s) of potential leak(s)
      0 unique,     0 total,      0 byte(s) of potential possible leak(s)
Details: /home/marcelosdias/UFPEL/AED 1/Pilha/DrMemory-Linux-2.3.0-1/drmemory/logs/DrMemory-pilhaDinamica.8669.000/potential_errors.txt
Exiting @0:00:02.918 in thread 8669
LOG END
