process=8648, parent=8638
Dr. Memory version 2.3.0 build 1 built on Feb  6 2020 01:44:52
start time: 3680513:36:12.791 == 17:36:12.791 11/14/2020
Recorded 17 suppression(s) from default /home/marcelosdias/UFPEL/AED 1/GitHub/AED-1/Agenda/DrMemory-Linux-2.3.0-1/bin64/suppress-default.txt
new thread #0 id=8648
WARNING: symbol cache file has wrong version

module load event: "libdrmemorylib.so" 0x00007f10501d5000-0x00007f1050334000 modid: 1 /home/marcelosdias/UFPEL/AED 1/GitHub/AED-1/Agenda/DrMemory-Linux-2.3.0-1/bin64/release/libdrmemorylib.so
WARNING: symbol cache file has wrong version

module load event: "a" 0x00007f10601d5000-0x00007f10601da000 modid: 2 /home/marcelosdias/UFPEL/AED 1/GitHub/AED-1/Agenda/a
WARNING: symbol cache file has wrong version

module load event: "ld-linux-x86-64.so.2" 0x00007f10641aa000-0x00007f10641da000 modid: 3 /usr/lib/x86_64-linux-gnu/ld-2.31.so
WARNING: unable to load symbols for /usr/lib/x86_64-linux-gnu/ld-2.31.so
WARNING: symbol cache file has wrong version

module load event: "libdynamorio.so" 0x00007f10641e0000-0x00007f10643f8000 modid: 4 /home/marcelosdias/UFPEL/AED 1/GitHub/AED-1/Agenda/DrMemory-Linux-2.3.0-1/dynamorio/lib64/release/libdynamorio.so
WARNING: unable to open [vdso]
WARNING: symbol cache file has wrong version

module load event: "linux-vdso.so.1" 0x00007ffd4b4e5000-0x00007ffd4b4e6000 modid: 5 [vdso]

module load event: "libc.so.6" 0x00007f1063bd5000-0x00007f1063dc7000 modid: 6 /usr/lib/x86_64-linux-gnu/libc-2.31.so
WARNING: unable to load symbols for /usr/lib/x86_64-linux-gnu/libc-2.31.so

NEW THREAD: main thread 8648


Error #1: UNINITIALIZED READ: reading register rax
# 0 insere (0x00007f10601d63ef <a+0x13ef>) modid:2
# 1 main (0x00007f10601d62d5 <a+0x12d5>) modid:2
Note: @0:00:04.108 in thread 8648
Note: instruction: test   %rax %rax
	error end

Error #2: LEAK 16 direct bytes 0x00007f10601dea40-0x00007f10601dea50 + 0 indirect bytes
# 0 replace_malloc    [/drmemory_package/common/alloc_replace.c:2577] (0x00007f105021ebc0 <libdrmemorylib.so+0x49bc0>) modid:1
# 1 ordena (0x00007f10601d6738 <a+0x1738>) modid:2
# 2 menuOrdenar (0x00007f10601d6a24 <a+0x1a24>) modid:2
# 3 main (0x00007f10601d6322 <a+0x1322>) modid:2
	error end

DUPLICATE ERROR COUNTS:

SUPPRESSIONS USED:
	    15x: default i#79 (ld-linux)
	     2x (leaked    4504 bytes): default (ld-linux stores index+1)

ERRORS FOUND:
      0 unique,     0 total unaddressable access(es)
      1 unique,     1 total uninitialized access(es)
      0 unique,     0 total invalid heap argument(s)
      0 unique,     0 total warning(s)
      1 unique,     1 total,     16 byte(s) of leak(s)
      0 unique,     0 total,      0 byte(s) of possible leak(s)
ERRORS IGNORED:
      0 ignored assumed-innocuous system leak(s)
     15 unique,    18 total,   8753 byte(s) of still-reachable allocation(s)
         (re-run with "-show_reachable" for details)
Details: /home/marcelosdias/UFPEL/AED 1/GitHub/AED-1/Agenda/DrMemory-Linux-2.3.0-1/drmemory/logs/DrMemory-a.8648.000/results.txt

DUPLICATE POTENTIAL ERROR COUNTS:

POTENTIAL ERRORS FOUND:
      0 unique,     0 total potential unaddressable access(es)
      0 unique,     0 total potential uninitialized access(es)
      0 unique,     0 total potential invalid heap argument(s)
      0 unique,     0 total potential warning(s)
      0 unique,     0 total,      0 byte(s) of potential leak(s)
      0 unique,     0 total,      0 byte(s) of potential possible leak(s)
Details: /home/marcelosdias/UFPEL/AED 1/GitHub/AED-1/Agenda/DrMemory-Linux-2.3.0-1/drmemory/logs/DrMemory-a.8648.000/potential_errors.txt
Exiting @0:00:35.450 in thread 8648
LOG END
