process=47316, parent=47310
Dr. Memory version 2.3.0 build 1 built on Feb  6 2020 01:44:52
start time: 3680184:29:19.404 == 00:29:19.404 11/01/2020
Recorded 17 suppression(s) from default /home/marcelosdias/UFPEL/AED 1/GitHub/AED-1/Atividades da Terceira Semana/DrMemory-Linux-2.3.0-1/bin64/suppress-default.txt
ERROR: new app segment [0x00007e0000000000, 0x0000800000000000)'s shadow segment [0x0000148000000000, 0x0000150000000000) conflicts with app seg [0x00007f0000000000, 0x00007fffff400000) or its shadow [0x000014c000000000, 0x000014ffffd00000) or reserve [0x0000123000000000, 0x0000123ffff40000)
new thread #0 id=47316
WARNING: symbol cache file has wrong version

module load event: "libdrmemorylib.so" 0x00007f0062e47000-0x00007f0062fa6000 modid: 1 /home/marcelosdias/UFPEL/AED 1/GitHub/AED-1/Atividades da Terceira Semana/DrMemory-Linux-2.3.0-1/bin64/release/libdrmemorylib.so
WARNING: symbol cache file has wrong version

module load event: "exercicio8" 0x00007f0072e47000-0x00007f0072e4c000 modid: 2 /home/marcelosdias/UFPEL/AED 1/GitHub/AED-1/Atividades da Terceira Semana/exercicio8
WARNING: symbol cache file has wrong version

module load event: "ld-linux-x86-64.so.2" 0x00007f0076e1c000-0x00007f0076e4c000 modid: 3 /usr/lib/x86_64-linux-gnu/ld-2.31.so
WARNING: unable to load symbols for /usr/lib/x86_64-linux-gnu/ld-2.31.so
WARNING: symbol cache file has wrong version

module load event: "libdynamorio.so" 0x00007f0076e52000-0x00007f007706a000 modid: 4 /home/marcelosdias/UFPEL/AED 1/GitHub/AED-1/Atividades da Terceira Semana/DrMemory-Linux-2.3.0-1/dynamorio/lib64/release/libdynamorio.so
WARNING: unable to open [vdso]
WARNING: symbol cache file has wrong version

module load event: "linux-vdso.so.1" 0x00007ffcb1991000-0x00007ffcb1992000 modid: 5 [vdso]

module load event: "libc.so.6" 0x00007f0076847000-0x00007f0076a39000 modid: 6 /usr/lib/x86_64-linux-gnu/libc-2.31.so
WARNING: unable to load symbols for /usr/lib/x86_64-linux-gnu/libc-2.31.so

DUPLICATE ERROR COUNTS:

SUPPRESSIONS USED:
	    20x: default i#79 (ld-linux)
	     2x (leaked    4504 bytes): default (ld-linux stores index+1)

NO ERRORS FOUND:
      0 unique,     0 total unaddressable access(es)
      0 unique,     0 total uninitialized access(es)
      0 unique,     0 total invalid heap argument(s)
      0 unique,     0 total warning(s)
      0 unique,     0 total,      0 byte(s) of leak(s)
      0 unique,     0 total,      0 byte(s) of possible leak(s)
ERRORS IGNORED:
      0 ignored assumed-innocuous system leak(s)
     15 unique,    18 total,   8801 byte(s) of still-reachable allocation(s)
         (re-run with "-show_reachable" for details)
Details: /home/marcelosdias/UFPEL/AED 1/GitHub/AED-1/Atividades da Terceira Semana/DrMemory-Linux-2.3.0-1/drmemory/logs/DrMemory-exercicio8.47316.000/results.txt

DUPLICATE POTENTIAL ERROR COUNTS:

NO POTENTIAL ERRORS FOUND:
      0 unique,     0 total potential unaddressable access(es)
      0 unique,     0 total potential uninitialized access(es)
      0 unique,     0 total potential invalid heap argument(s)
      0 unique,     0 total potential warning(s)
      0 unique,     0 total,      0 byte(s) of potential leak(s)
      0 unique,     0 total,      0 byte(s) of potential possible leak(s)
Details: /home/marcelosdias/UFPEL/AED 1/GitHub/AED-1/Atividades da Terceira Semana/DrMemory-Linux-2.3.0-1/drmemory/logs/DrMemory-exercicio8.47316.000/potential_errors.txt
Exiting @0:00:56.514 in thread 47316
LOG END
