process=6373, parent=6367
Dr. Memory version 2.3.0 build 1 built on Feb  6 2020 01:44:52
start time: 3680343:20:45.039 == 15:20:45.039 11/07/2020
Recorded 17 suppression(s) from default /home/marcelosdias/UFPEL/AED 1/Pilha/DrMemory-Linux-2.3.0-1/bin64/suppress-default.txt
new thread #0 id=6373
WARNING: symbol cache file has wrong version

module load event: "libdrmemorylib.so" 0x00007fd8b6ce6000-0x00007fd8b6e45000 modid: 1 /home/marcelosdias/UFPEL/AED 1/Pilha/DrMemory-Linux-2.3.0-1/bin64/release/libdrmemorylib.so
WARNING: symbol cache file has wrong version

module load event: "pilhaDinamica" 0x00007fd8c6ce6000-0x00007fd8c6ceb000 modid: 2 /home/marcelosdias/UFPEL/AED 1/Pilha/pilhaDinamica
WARNING: symbol cache file has wrong version

module load event: "ld-linux-x86-64.so.2" 0x00007fd8cacbb000-0x00007fd8caceb000 modid: 3 /usr/lib/x86_64-linux-gnu/ld-2.31.so
WARNING: unable to load symbols for /usr/lib/x86_64-linux-gnu/ld-2.31.so
WARNING: symbol cache file has wrong version

module load event: "libdynamorio.so" 0x00007fd8cacf1000-0x00007fd8caf09000 modid: 4 /home/marcelosdias/UFPEL/AED 1/Pilha/DrMemory-Linux-2.3.0-1/dynamorio/lib64/release/libdynamorio.so
WARNING: unable to open [vdso]
WARNING: symbol cache file has wrong version

module load event: "linux-vdso.so.1" 0x00007fff9f5fd000-0x00007fff9f5fe000 modid: 5 [vdso]

module load event: "libc.so.6" 0x00007fd8ca6e6000-0x00007fd8ca8d8000 modid: 6 /usr/lib/x86_64-linux-gnu/libc-2.31.so
WARNING: unable to load symbols for /usr/lib/x86_64-linux-gnu/libc-2.31.so

DUPLICATE ERROR COUNTS:

SUPPRESSIONS USED:
	    20x: default i#79 (ld-linux)
	     2x (leaked    4504 bytes): default (ld-linux stores index+1)

NO ERRORS FOUND:
      0 unique,     0 total unaddressable access(es)
      0 unique,     0 total uninitialized access(es)
      0 unique,     0 total invalid heap argument(s)
      0 unique,     0 total warning(s)
      0 unique,     0 total,      0 byte(s) of leak(s)
      0 unique,     0 total,      0 byte(s) of possible leak(s)
ERRORS IGNORED:
      0 ignored assumed-innocuous system leak(s)
     17 unique,    20 total,   8865 byte(s) of still-reachable allocation(s)
         (re-run with "-show_reachable" for details)
Details: /home/marcelosdias/UFPEL/AED 1/Pilha/DrMemory-Linux-2.3.0-1/drmemory/logs/DrMemory-pilhaDinamica.6373.000/results.txt

DUPLICATE POTENTIAL ERROR COUNTS:

NO POTENTIAL ERRORS FOUND:
      0 unique,     0 total potential unaddressable access(es)
      0 unique,     0 total potential uninitialized access(es)
      0 unique,     0 total potential invalid heap argument(s)
      0 unique,     0 total potential warning(s)
      0 unique,     0 total,      0 byte(s) of potential leak(s)
      0 unique,     0 total,      0 byte(s) of potential possible leak(s)
Details: /home/marcelosdias/UFPEL/AED 1/Pilha/DrMemory-Linux-2.3.0-1/drmemory/logs/DrMemory-pilhaDinamica.6373.000/potential_errors.txt
Exiting @0:00:02.296 in thread 6373
LOG END
