process=8464, parent=8364
Dr. Memory version 2.3.0 build 1 built on Feb  6 2020 01:44:52
start time: 3680513:34:32.056 == 17:34:32.056 11/14/2020
Recorded 17 suppression(s) from default /home/marcelosdias/UFPEL/AED 1/GitHub/AED-1/Agenda/DrMemory-Linux-2.3.0-1/bin64/suppress-default.txt
new thread #0 id=8464
WARNING: symbol cache file has wrong version

module load event: "libdrmemorylib.so" 0x00007f7dc6659000-0x00007f7dc67b8000 modid: 1 /home/marcelosdias/UFPEL/AED 1/GitHub/AED-1/Agenda/DrMemory-Linux-2.3.0-1/bin64/release/libdrmemorylib.so
WARNING: symbol cache file has wrong version

module load event: "a" 0x00007f7dd6659000-0x00007f7dd665e000 modid: 2 /home/marcelosdias/UFPEL/AED 1/GitHub/AED-1/Agenda/a
WARNING: symbol cache file has wrong version

module load event: "ld-linux-x86-64.so.2" 0x00007f7dda62e000-0x00007f7dda65e000 modid: 3 /usr/lib/x86_64-linux-gnu/ld-2.31.so
WARNING: unable to load symbols for /usr/lib/x86_64-linux-gnu/ld-2.31.so
WARNING: symbol cache file has wrong version

module load event: "libdynamorio.so" 0x00007f7dda664000-0x00007f7dda87c000 modid: 4 /home/marcelosdias/UFPEL/AED 1/GitHub/AED-1/Agenda/DrMemory-Linux-2.3.0-1/dynamorio/lib64/release/libdynamorio.so
WARNING: unable to open [vdso]
WARNING: symbol cache file has wrong version

module load event: "linux-vdso.so.1" 0x00007fff009e8000-0x00007fff009e9000 modid: 5 [vdso]

module load event: "libc.so.6" 0x00007f7dda059000-0x00007f7dda24b000 modid: 6 /usr/lib/x86_64-linux-gnu/libc-2.31.so
WARNING: unable to load symbols for /usr/lib/x86_64-linux-gnu/libc-2.31.so

NEW THREAD: main thread 8464


Error #1: UNINITIALIZED READ: reading register rax
# 0 insere (0x00007f7dd665a3eb <a+0x13eb>) modid:2
# 1 main (0x00007f7dd665a2d5 <a+0x12d5>) modid:2
Note: @0:00:02.578 in thread 8464
Note: instruction: test   %rax %rax
	error end

Error #2: UNINITIALIZED READ: reading 0x00007fff009ced70-0x00007fff009ced78 8 byte(s)
# 0 reset (0x00007f7dd665a39a <a+0x139a>) modid:2
# 1 main (0x00007f7dd665a342 <a+0x1342>) modid:2
Note: @0:00:08.349 in thread 8464
Note: instruction: cmp    0xfffffff0(%rbp) $0x0000000000000000
	error end

Error #3: UNADDRESSABLE ACCESS: reading 0x00007f7dc66edc85-0x00007f7dc66edc8d 8 byte(s)
# 0 reset (0x00007f7dd665a377 <a+0x1377>) modid:2
# 1 main (0x00007f7dd665a342 <a+0x1342>) modid:2
Note: @0:00:08.350 in thread 8464
Note: instruction: mov    0x28(%rax) -> %rax
	error end

Error #4: INVALID HEAP ARGUMENT to free 0x00007f7dc66edc5d
# 0 replace_free      [/drmemory_package/common/alloc_replace.c:2707] (0x00007f7dc66a27a0 <libdrmemorylib.so+0x497a0>) modid:1
# 1 reset (0x00007f7dd665a38b <a+0x138b>) modid:2
# 2 main (0x00007f7dd665a342 <a+0x1342>) modid:2
Note: @0:00:08.354 in thread 8464
	error end

DUPLICATE ERROR COUNTS:

SUPPRESSIONS USED:
	    15x: default i#79 (ld-linux)
	     2x (leaked    4504 bytes): default (ld-linux stores index+1)

ERRORS FOUND:
      1 unique,     1 total unaddressable access(es)
      2 unique,     2 total uninitialized access(es)
      1 unique,     1 total invalid heap argument(s)
      0 unique,     0 total warning(s)
      0 unique,     0 total,      0 byte(s) of leak(s)
      0 unique,     0 total,      0 byte(s) of possible leak(s)
ERRORS IGNORED:
      0 ignored assumed-innocuous system leak(s)
     18 unique,    22 total,   8921 byte(s) of still-reachable allocation(s)
         (re-run with "-show_reachable" for details)
Details: /home/marcelosdias/UFPEL/AED 1/GitHub/AED-1/Agenda/DrMemory-Linux-2.3.0-1/drmemory/logs/DrMemory-a.8464.000/results.txt

DUPLICATE POTENTIAL ERROR COUNTS:

POTENTIAL ERRORS FOUND:
      0 unique,     0 total potential unaddressable access(es)
      0 unique,     0 total potential uninitialized access(es)
      0 unique,     0 total potential invalid heap argument(s)
      0 unique,     0 total potential warning(s)
      0 unique,     0 total,      0 byte(s) of potential leak(s)
      0 unique,     0 total,      0 byte(s) of potential possible leak(s)
Details: /home/marcelosdias/UFPEL/AED 1/GitHub/AED-1/Agenda/DrMemory-Linux-2.3.0-1/drmemory/logs/DrMemory-a.8464.000/potential_errors.txt
Exiting @0:00:08.376 in thread 8464
LOG END
