process=28159, parent=27517
Dr. Memory version 2.3.0 build 1 built on Feb  6 2020 01:44:52
start time: 3679847:53:00.900 == 23:53:00.900 10/17/2020
Recorded 17 suppression(s) from default /home/marcelosdias/UFPEL/AED 1/GitHub/AED-1/Atividades da Segunda Semana/DrMemory-Linux-2.3.0-1/bin64/suppress-default.txt
new thread #0 id=28159
WARNING: symbol cache file has wrong version

module load event: "libdrmemorylib.so" 0x00007f3618449000-0x00007f36185a8000 modid: 1 /home/marcelosdias/UFPEL/AED 1/GitHub/AED-1/Atividades da Segunda Semana/DrMemory-Linux-2.3.0-1/bin64/release/libdrmemorylib.so
WARNING: symbol cache file has wrong version

module load event: "slide27" 0x00007f3628449000-0x00007f362844e000 modid: 2 /home/marcelosdias/UFPEL/AED 1/GitHub/AED-1/Atividades da Segunda Semana/slide27
WARNING: symbol cache file has wrong version

module load event: "ld-linux-x86-64.so.2" 0x00007f362c41e000-0x00007f362c44e000 modid: 3 /usr/lib/x86_64-linux-gnu/ld-2.31.so
WARNING: unable to load symbols for /usr/lib/x86_64-linux-gnu/ld-2.31.so
WARNING: symbol cache file has wrong version

module load event: "libdynamorio.so" 0x00007f362c454000-0x00007f362c66c000 modid: 4 /home/marcelosdias/UFPEL/AED 1/GitHub/AED-1/Atividades da Segunda Semana/DrMemory-Linux-2.3.0-1/dynamorio/lib64/release/libdynamorio.so
WARNING: unable to open [vdso]
WARNING: symbol cache file has wrong version

module load event: "linux-vdso.so.1" 0x00007ffeb6f3a000-0x00007ffeb6f3b000 modid: 5 [vdso]

module load event: "libc.so.6" 0x00007f362be49000-0x00007f362c03b000 modid: 6 /usr/lib/x86_64-linux-gnu/libc-2.31.so
WARNING: unable to load symbols for /usr/lib/x86_64-linux-gnu/libc-2.31.so

NEW THREAD: main thread 28159


Error #1: UNADDRESSABLE ACCESS beyond heap bounds: reading 0x00007f362845202c-0x00007f3628452030 4 byte(s)
# 0 replace_memmove   [/drmemory_package/drmemory/replace.c:791] (0x00007f3618526301 <libdrmemorylib.so+0xdd301>) modid:1
# 1 realloc2 (0x00007f362844a22f <slide27+0x122f>) modid:2
# 2 main    (0x00007f362844a1dd <slide27+0x11dd>) modid:2
Note: @0:00:00.316 in thread 28159
Note: next higher malloc: 0x00007f3628452030-0x00007f36284521c0
Note: prev lower malloc:  0x00007f3628452000-0x00007f3628452004
Note: instruction: mov    0xfffffffc(%r12) -> %edx
	error end

DUPLICATE ERROR COUNTS:
	Error #   1:     11

SUPPRESSIONS USED:
	    20x: default i#79 (ld-linux)
	     2x (leaked    4504 bytes): default (ld-linux stores index+1)

ERRORS FOUND:
      1 unique,    11 total unaddressable access(es)
      0 unique,     0 total uninitialized access(es)
      0 unique,     0 total invalid heap argument(s)
      0 unique,     0 total warning(s)
      0 unique,     0 total,      0 byte(s) of leak(s)
      0 unique,     0 total,      0 byte(s) of possible leak(s)
ERRORS IGNORED:
      0 ignored assumed-innocuous system leak(s)
     13 unique,    16 total,   6705 byte(s) of still-reachable allocation(s)
         (re-run with "-show_reachable" for details)
Details: /home/marcelosdias/UFPEL/AED 1/GitHub/AED-1/Atividades da Segunda Semana/DrMemory-Linux-2.3.0-1/drmemory/logs/DrMemory-slide27.28159.000/results.txt

DUPLICATE POTENTIAL ERROR COUNTS:

POTENTIAL ERRORS FOUND:
      0 unique,     0 total potential unaddressable access(es)
      0 unique,     0 total potential uninitialized access(es)
      0 unique,     0 total potential invalid heap argument(s)
      0 unique,     0 total potential warning(s)
      0 unique,     0 total,      0 byte(s) of potential leak(s)
      0 unique,     0 total,      0 byte(s) of potential possible leak(s)
Details: /home/marcelosdias/UFPEL/AED 1/GitHub/AED-1/Atividades da Segunda Semana/DrMemory-Linux-2.3.0-1/drmemory/logs/DrMemory-slide27.28159.000/potential_errors.txt
Exiting @0:00:00.348 in thread 28159
LOG END
