process=10332, parent=8186
Dr. Memory version 2.3.0 build 1 built on Feb  6 2020 01:44:52
start time: 3679840:57:26.461 == 16:57:26.461 10/17/2020
Recorded 17 suppression(s) from default /home/marcelosdias/UFPEL/AED 1/GitHub/AED-1/Atividades da Segunda Semana/DrMemory-Linux-2.3.0-1/bin64/suppress-default.txt
new thread #0 id=10332
WARNING: symbol cache file has wrong version

module load event: "libdrmemorylib.so" 0x00007f6a40a58000-0x00007f6a40bb7000 modid: 1 /home/marcelosdias/UFPEL/AED 1/GitHub/AED-1/Atividades da Segunda Semana/DrMemory-Linux-2.3.0-1/bin64/release/libdrmemorylib.so
WARNING: symbol cache file has wrong version

module load event: "slide30" 0x00007f6a50a58000-0x00007f6a50a5d000 modid: 2 /home/marcelosdias/UFPEL/AED 1/GitHub/AED-1/Atividades da Segunda Semana/slide30
WARNING: symbol cache file has wrong version

module load event: "ld-linux-x86-64.so.2" 0x00007f6a54a2d000-0x00007f6a54a5d000 modid: 3 /usr/lib/x86_64-linux-gnu/ld-2.31.so
WARNING: unable to load symbols for /usr/lib/x86_64-linux-gnu/ld-2.31.so
WARNING: symbol cache file has wrong version

module load event: "libdynamorio.so" 0x00007f6a54a63000-0x00007f6a54c7b000 modid: 4 /home/marcelosdias/UFPEL/AED 1/GitHub/AED-1/Atividades da Segunda Semana/DrMemory-Linux-2.3.0-1/dynamorio/lib64/release/libdynamorio.so
WARNING: unable to open [vdso]
WARNING: symbol cache file has wrong version

module load event: "linux-vdso.so.1" 0x00007ffd85cc1000-0x00007ffd85cc2000 modid: 5 [vdso]

module load event: "libc.so.6" 0x00007f6a54458000-0x00007f6a5464a000 modid: 6 /usr/lib/x86_64-linux-gnu/libc-2.31.so
WARNING: unable to load symbols for /usr/lib/x86_64-linux-gnu/libc-2.31.so

NEW THREAD: main thread 10332


Error #1: UNADDRESSABLE ACCESS beyond heap bounds: reading 0x00007f6a50a618ac-0x00007f6a50a618b0 4 byte(s)
# 0 imprimeMatriz (0x00007f6a50a59682 <slide30+0x1682>) modid:2
# 1 main    (0x00007f6a50a5940c <slide30+0x140c>) modid:2
Note: @0:00:03.234 in thread 10332
Note: next higher malloc: 0x00007f6a50a618d0-0x00007f6a50a618dc
Note: refers to 0 byte(s) beyond last valid byte in prior malloc
Note: prev lower malloc:  0x00007f6a50a618a0-0x00007f6a50a618ac
Note: instruction: mov    (%rax) -> %eax
	error end

DUPLICATE ERROR COUNTS:
	Error #   1:      3

SUPPRESSIONS USED:
	    20x: default i#79 (ld-linux)
	     2x (leaked    4504 bytes): default (ld-linux stores index+1)

ERRORS FOUND:
      1 unique,     3 total unaddressable access(es)
      0 unique,     0 total uninitialized access(es)
      0 unique,     0 total invalid heap argument(s)
      0 unique,     0 total warning(s)
      0 unique,     0 total,      0 byte(s) of leak(s)
      0 unique,     0 total,      0 byte(s) of possible leak(s)
ERRORS IGNORED:
      0 ignored assumed-innocuous system leak(s)
     17 unique,    23 total,   8857 byte(s) of still-reachable allocation(s)
         (re-run with "-show_reachable" for details)
Details: /home/marcelosdias/UFPEL/AED 1/GitHub/AED-1/Atividades da Segunda Semana/DrMemory-Linux-2.3.0-1/drmemory/logs/DrMemory-slide30.10332.000/results.txt

DUPLICATE POTENTIAL ERROR COUNTS:

POTENTIAL ERRORS FOUND:
      0 unique,     0 total potential unaddressable access(es)
      0 unique,     0 total potential uninitialized access(es)
      0 unique,     0 total potential invalid heap argument(s)
      0 unique,     0 total potential warning(s)
      0 unique,     0 total,      0 byte(s) of potential leak(s)
      0 unique,     0 total,      0 byte(s) of potential possible leak(s)
Details: /home/marcelosdias/UFPEL/AED 1/GitHub/AED-1/Atividades da Segunda Semana/DrMemory-Linux-2.3.0-1/drmemory/logs/DrMemory-slide30.10332.000/potential_errors.txt
Exiting @0:00:07.363 in thread 10332
LOG END
