process=7794, parent=7552
Dr. Memory version 2.3.0 build 1 built on Feb  6 2020 01:44:52
start time: 3680513:27:21.876 == 17:27:21.876 11/14/2020
Recorded 17 suppression(s) from default /home/marcelosdias/UFPEL/AED 1/GitHub/AED-1/Agenda/DrMemory-Linux-2.3.0-1/bin64/suppress-default.txt
new thread #0 id=7794
WARNING: symbol cache file has wrong version

module load event: "libdrmemorylib.so" 0x00007f7b6d08e000-0x00007f7b6d1ed000 modid: 1 /home/marcelosdias/UFPEL/AED 1/GitHub/AED-1/Agenda/DrMemory-Linux-2.3.0-1/bin64/release/libdrmemorylib.so
WARNING: symbol cache file has wrong version

module load event: "a" 0x00007f7b7d08e000-0x00007f7b7d093000 modid: 2 /home/marcelosdias/UFPEL/AED 1/GitHub/AED-1/Agenda/a
WARNING: symbol cache file has wrong version

module load event: "ld-linux-x86-64.so.2" 0x00007f7b81063000-0x00007f7b81093000 modid: 3 /usr/lib/x86_64-linux-gnu/ld-2.31.so
WARNING: unable to load symbols for /usr/lib/x86_64-linux-gnu/ld-2.31.so
WARNING: symbol cache file has wrong version

module load event: "libdynamorio.so" 0x00007f7b81099000-0x00007f7b812b1000 modid: 4 /home/marcelosdias/UFPEL/AED 1/GitHub/AED-1/Agenda/DrMemory-Linux-2.3.0-1/dynamorio/lib64/release/libdynamorio.so
WARNING: unable to open [vdso]
WARNING: symbol cache file has wrong version

module load event: "linux-vdso.so.1" 0x00007ffc08fb2000-0x00007ffc08fb3000 modid: 5 [vdso]

module load event: "libc.so.6" 0x00007f7b80a8e000-0x00007f7b80c80000 modid: 6 /usr/lib/x86_64-linux-gnu/libc-2.31.so
WARNING: unable to load symbols for /usr/lib/x86_64-linux-gnu/libc-2.31.so

NEW THREAD: main thread 7794


Error #1: UNINITIALIZED READ: reading register rax
# 0 insere (0x00007f7b7d08f3c6 <a+0x13c6>) modid:2
# 1 main (0x00007f7b7d08f2cb <a+0x12cb>) modid:2
Note: @0:00:03.635 in thread 7794
Note: instruction: test   %rax %rax
	error end

Error #2: UNINITIALIZED READ: reading register rax
# 0 reset (0x00007f7b7d08f375 <a+0x1375>) modid:2
# 1 main (0x00007f7b7d08f338 <a+0x1338>) modid:2
Note: @0:00:09.719 in thread 7794
Note: instruction: mov    0x28(%rax) -> %rax
	error end

Error #3: UNADDRESSABLE ACCESS beyond heap bounds: reading 0x00007f7b7d097028-0x00007f7b7d097030 8 byte(s)
# 0 reset (0x00007f7b7d08f375 <a+0x1375>) modid:2
# 1 main (0x00007f7b7d08f338 <a+0x1338>) modid:2
Note: @0:00:09.720 in thread 7794
Note: next higher malloc: 0x00007f7b7d097050-0x00007f7b7d097060
Note: refers to 0 byte(s) beyond last valid byte in prior malloc
Note: prev lower malloc:  0x00007f7b7d097000-0x00007f7b7d097028
Note: instruction: mov    0x28(%rax) -> %rax
	error end

Error #4: LEAK 40 direct bytes 0x00007f7b7d097000-0x00007f7b7d097028 + 0 indirect bytes
# 0 replace_malloc    [/drmemory_package/common/alloc_replace.c:2577] (0x00007f7b6d0d7bc0 <libdrmemorylib.so+0x49bc0>) modid:1
# 1 main (0x00007f7b7d08f26f <a+0x126f>) modid:2
	error end

Error #5: LEAK 56 direct bytes 0x00007f7b7d0978c0-0x00007f7b7d0978f8 + 56 indirect bytes
# 0 replace_malloc    [/drmemory_package/common/alloc_replace.c:2577] (0x00007f7b6d0d7bc0 <libdrmemorylib.so+0x49bc0>) modid:1
# 1 criaNodo (0x00007f7b7d08f41d <a+0x141d>) modid:2
# 2 insere (0x00007f7b7d08f3a2 <a+0x13a2>) modid:2
# 3 main (0x00007f7b7d08f2cb <a+0x12cb>) modid:2
	error end

Error #6: LEAK 16 direct bytes 0x00007f7b7d097980-0x00007f7b7d097990 + 0 indirect bytes
# 0 replace_malloc    [/drmemory_package/common/alloc_replace.c:2577] (0x00007f7b6d0d7bc0 <libdrmemorylib.so+0x49bc0>) modid:1
# 1 ordena (0x00007f7b7d08f70f <a+0x170f>) modid:2
# 2 menuOrdenar (0x00007f7b7d08f9fb <a+0x19fb>) modid:2
# 3 main (0x00007f7b7d08f318 <a+0x1318>) modid:2
	error end

DUPLICATE ERROR COUNTS:

SUPPRESSIONS USED:
	    15x: default i#79 (ld-linux)
	     2x (leaked    4504 bytes): default (ld-linux stores index+1)

ERRORS FOUND:
      1 unique,     1 total unaddressable access(es)
      2 unique,     2 total uninitialized access(es)
      0 unique,     0 total invalid heap argument(s)
      0 unique,     0 total warning(s)
      3 unique,     3 total,    168 byte(s) of leak(s)
      0 unique,     0 total,      0 byte(s) of possible leak(s)
ERRORS IGNORED:
      0 ignored assumed-innocuous system leak(s)
     15 unique,    18 total,   8753 byte(s) of still-reachable allocation(s)
         (re-run with "-show_reachable" for details)
Details: /home/marcelosdias/UFPEL/AED 1/GitHub/AED-1/Agenda/DrMemory-Linux-2.3.0-1/drmemory/logs/DrMemory-a.7794.000/results.txt

DUPLICATE POTENTIAL ERROR COUNTS:

POTENTIAL ERRORS FOUND:
      0 unique,     0 total potential unaddressable access(es)
      0 unique,     0 total potential uninitialized access(es)
      0 unique,     0 total potential invalid heap argument(s)
      0 unique,     0 total potential warning(s)
      0 unique,     0 total,      0 byte(s) of potential leak(s)
      0 unique,     0 total,      0 byte(s) of potential possible leak(s)
Details: /home/marcelosdias/UFPEL/AED 1/GitHub/AED-1/Agenda/DrMemory-Linux-2.3.0-1/drmemory/logs/DrMemory-a.7794.000/potential_errors.txt
Exiting @0:00:09.766 in thread 7794
LOG END
