process=5212, parent=5204
Dr. Memory version 2.3.0 build 1 built on Feb  6 2020 01:44:52
start time: 3679840:11:16.581 == 16:11:16.581 10/17/2020
Recorded 17 suppression(s) from default /home/marcelosdias/UFPEL/AED 1/GitHub/AED-1/Atividades da Primeira Semana/DrMemory-Linux-2.3.0-1/bin64/suppress-default.txt
new thread #0 id=5212
WARNING: symbol cache file has wrong version

module load event: "libdrmemorylib.so" 0x00007f8848160000-0x00007f88482bf000 modid: 1 /home/marcelosdias/UFPEL/AED 1/GitHub/AED-1/Atividades da Primeira Semana/DrMemory-Linux-2.3.0-1/bin64/release/libdrmemorylib.so

module load event: "agenda" 0x00007f8858160000-0x00007f8858165000 modid: 2 /home/marcelosdias/UFPEL/AED 1/GitHub/AED-1/Atividades da Primeira Semana/agenda
WARNING: symbol cache file has wrong version

module load event: "ld-linux-x86-64.so.2" 0x00007f885c135000-0x00007f885c165000 modid: 3 /usr/lib/x86_64-linux-gnu/ld-2.31.so
WARNING: unable to load symbols for /usr/lib/x86_64-linux-gnu/ld-2.31.so
WARNING: symbol cache file has wrong version

module load event: "libdynamorio.so" 0x00007f885c16b000-0x00007f885c383000 modid: 4 /home/marcelosdias/UFPEL/AED 1/GitHub/AED-1/Atividades da Primeira Semana/DrMemory-Linux-2.3.0-1/dynamorio/lib64/release/libdynamorio.so
WARNING: unable to open [vdso]
WARNING: symbol cache file has wrong version

module load event: "linux-vdso.so.1" 0x00007ffeadf64000-0x00007ffeadf65000 modid: 5 [vdso]

module load event: "libc.so.6" 0x00007f885bb60000-0x00007f885bd52000 modid: 6 /usr/lib/x86_64-linux-gnu/libc-2.31.so
WARNING: unable to load symbols for /usr/lib/x86_64-linux-gnu/libc-2.31.so

DUPLICATE ERROR COUNTS:

SUPPRESSIONS USED:
	    15x: default i#79 (ld-linux)
	     2x (leaked    4504 bytes): default (ld-linux stores index+1)

NO ERRORS FOUND:
      0 unique,     0 total unaddressable access(es)
      0 unique,     0 total uninitialized access(es)
      0 unique,     0 total invalid heap argument(s)
      0 unique,     0 total warning(s)
      0 unique,     0 total,      0 byte(s) of leak(s)
      0 unique,     0 total,      0 byte(s) of possible leak(s)
ERRORS IGNORED:
      0 ignored assumed-innocuous system leak(s)
     15 unique,    18 total,   8753 byte(s) of still-reachable allocation(s)
         (re-run with "-show_reachable" for details)
Details: /home/marcelosdias/UFPEL/AED 1/GitHub/AED-1/Atividades da Primeira Semana/DrMemory-Linux-2.3.0-1/drmemory/logs/DrMemory-agenda.5212.000/results.txt

DUPLICATE POTENTIAL ERROR COUNTS:

NO POTENTIAL ERRORS FOUND:
      0 unique,     0 total potential unaddressable access(es)
      0 unique,     0 total potential uninitialized access(es)
      0 unique,     0 total potential invalid heap argument(s)
      0 unique,     0 total potential warning(s)
      0 unique,     0 total,      0 byte(s) of potential leak(s)
      0 unique,     0 total,      0 byte(s) of potential possible leak(s)
Details: /home/marcelosdias/UFPEL/AED 1/GitHub/AED-1/Atividades da Primeira Semana/DrMemory-Linux-2.3.0-1/drmemory/logs/DrMemory-agenda.5212.000/potential_errors.txt
Exiting @0:00:17.822 in thread 5212
LOG END
