process=27294, parent=26106
Dr. Memory version 2.3.0 build 1 built on Feb  6 2020 01:44:52
start time: 3679985:12:11.985 == 17:12:11.985 10/23/2020
Recorded 17 suppression(s) from default /home/marcelosdias/UFPEL/AED 1/GitHub/AED-1/Atividades da Segunda Semana/DrMemory-Linux-2.3.0-1/bin64/suppress-default.txt
new thread #0 id=27294
WARNING: symbol cache file has wrong version

module load event: "libdrmemorylib.so" 0x00007f5ece3c1000-0x00007f5ece520000 modid: 1 /home/marcelosdias/UFPEL/AED 1/GitHub/AED-1/Atividades da Segunda Semana/DrMemory-Linux-2.3.0-1/bin64/release/libdrmemorylib.so
WARNING: symbol cache file has wrong version

module load event: "aula2-slide27" 0x00007f5ede3c1000-0x00007f5ede3c6000 modid: 2 /home/marcelosdias/UFPEL/AED 1/GitHub/AED-1/Atividades da Segunda Semana/aula2-slide27
WARNING: symbol cache file has wrong version

module load event: "ld-linux-x86-64.so.2" 0x00007f5ee2396000-0x00007f5ee23c6000 modid: 3 /usr/lib/x86_64-linux-gnu/ld-2.31.so
WARNING: unable to load symbols for /usr/lib/x86_64-linux-gnu/ld-2.31.so
WARNING: symbol cache file has wrong version

module load event: "libdynamorio.so" 0x00007f5ee23cc000-0x00007f5ee25e4000 modid: 4 /home/marcelosdias/UFPEL/AED 1/GitHub/AED-1/Atividades da Segunda Semana/DrMemory-Linux-2.3.0-1/dynamorio/lib64/release/libdynamorio.so
WARNING: unable to open [vdso]
WARNING: symbol cache file has wrong version

module load event: "linux-vdso.so.1" 0x00007ffe59372000-0x00007ffe59373000 modid: 5 [vdso]

module load event: "libc.so.6" 0x00007f5ee1dc1000-0x00007f5ee1fb3000 modid: 6 /usr/lib/x86_64-linux-gnu/libc-2.31.so
WARNING: unable to load symbols for /usr/lib/x86_64-linux-gnu/libc-2.31.so

NEW THREAD: main thread 27294


Error #1: UNINITIALIZED READ: reading register eax
# 0 main          (0x00007f5ede3c230a <aula2-slide27+0x130a>) modid:2
Note: @0:00:02.749 in thread 27294
Note: instruction: test   %eax %eax
	error end

Error #2: UNINITIALIZED READ: reading register r11
# 0 libc.so.6!?         (0x00007f5ee1e3bad5 <libc.so.6+0x7aad5>) modid:6
# 1 libc.so.6!_IO_printf (0x00007f5ee1e25ebf <libc.so.6+0x64ebf>) modid:6
# 2 libc.so.6!__libc_start_main (0x00007f5ee1de80b3 <libc.so.6+0x270b3>) modid:6
# 3 _start        (0x00007f5ede3c214e <aula2-slide27+0x114e>) modid:2
Note: @0:00:02.756 in thread 27294
Note: instruction: test   %r11 %r11
	error end

Error #3: UNADDRESSABLE ACCESS beyond heap bounds: reading 0x00007f5ede3ca8a8-0x00007f5ede3ca8ac 4 byte(s)
# 0 main          (0x00007f5ede3c2308 <aula2-slide27+0x1308>) modid:2
Note: @0:00:02.763 in thread 27294
Note: refers to 0 byte(s) beyond last valid byte in prior malloc
Note: prev lower malloc:  0x00007f5ede3ca8a0-0x00007f5ede3ca8a8
Note: instruction: mov    (%rax) -> %eax
	error end

Error #4: INVALID HEAP ARGUMENT to free 0x00007f5ede3ca8a8
# 0 replace_free      [/drmemory_package/common/alloc_replace.c:2707] (0x00007f5ece40a7a0 <libdrmemorylib.so+0x497a0>) modid:1
# 1 main          (0x00007f5ede3c2324 <aula2-slide27+0x1324>) modid:2
Note: @0:00:02.768 in thread 27294
Note: refers to 0 byte(s) beyond last valid byte in prior malloc
Note: prev lower malloc:  0x00007f5ede3ca8a0-0x00007f5ede3ca8a8
	error end

Error #5: LEAK 8 direct bytes 0x00007f5ede3ca8a0-0x00007f5ede3ca8a8 + 0 indirect bytes
# 0 replace_malloc    [/drmemory_package/common/alloc_replace.c:2577] (0x00007f5ece40abc0 <libdrmemorylib.so+0x49bc0>) modid:1
# 1 realloc2      (0x00007f5ede3c2362 <aula2-slide27+0x1362>) modid:2
# 2 main          (0x00007f5ede3c22cd <aula2-slide27+0x12cd>) modid:2
	error end

DUPLICATE ERROR COUNTS:

SUPPRESSIONS USED:
	    20x: default i#79 (ld-linux)
	     2x (leaked    4504 bytes): default (ld-linux stores index+1)

ERRORS FOUND:
      1 unique,     1 total unaddressable access(es)
      2 unique,     2 total uninitialized access(es)
      1 unique,     1 total invalid heap argument(s)
      0 unique,     0 total warning(s)
      1 unique,     1 total,      8 byte(s) of leak(s)
      0 unique,     0 total,      0 byte(s) of possible leak(s)
ERRORS IGNORED:
      0 ignored assumed-innocuous system leak(s)
     15 unique,    18 total,   8801 byte(s) of still-reachable allocation(s)
         (re-run with "-show_reachable" for details)
Details: /home/marcelosdias/UFPEL/AED 1/GitHub/AED-1/Atividades da Segunda Semana/DrMemory-Linux-2.3.0-1/drmemory/logs/DrMemory-aula2-slide27.27294.000/results.txt

DUPLICATE POTENTIAL ERROR COUNTS:

POTENTIAL ERRORS FOUND:
      0 unique,     0 total potential unaddressable access(es)
      0 unique,     0 total potential uninitialized access(es)
      0 unique,     0 total potential invalid heap argument(s)
      0 unique,     0 total potential warning(s)
      0 unique,     0 total,      0 byte(s) of potential leak(s)
      0 unique,     0 total,      0 byte(s) of potential possible leak(s)
Details: /home/marcelosdias/UFPEL/AED 1/GitHub/AED-1/Atividades da Segunda Semana/DrMemory-Linux-2.3.0-1/drmemory/logs/DrMemory-aula2-slide27.27294.000/potential_errors.txt
Exiting @0:00:02.806 in thread 27294
LOG END
