process=15311, parent=15127
Dr. Memory version 2.3.0 build 1 built on Feb  6 2020 01:44:52
start time: 3681289:27:23.099 == 01:27:23.099 12/17/2020
Recorded 17 suppression(s) from default /home/marcelosdias/UFPEL/AED 1/GitHub/AED-1/Estruturas de Dados/DrMemory-Linux-2.3.0-1/bin64/suppress-default.txt
new thread #0 id=15311
WARNING: symbol cache file has wrong version

module load event: "libdrmemorylib.so" 0x00007f69e9e31000-0x00007f69e9f90000 modid: 1 /home/marcelosdias/UFPEL/AED 1/GitHub/AED-1/Estruturas de Dados/DrMemory-Linux-2.3.0-1/bin64/release/libdrmemorylib.so
WARNING: symbol cache file has wrong version

module load event: "lista" 0x00007f69f9e31000-0x00007f69f9e36000 modid: 2 /home/marcelosdias/UFPEL/AED 1/GitHub/AED-1/Estruturas de Dados/lista
WARNING: symbol cache file has wrong version

module load event: "ld-linux-x86-64.so.2" 0x00007f69fde06000-0x00007f69fde36000 modid: 3 /usr/lib/x86_64-linux-gnu/ld-2.31.so
WARNING: unable to load symbols for /usr/lib/x86_64-linux-gnu/ld-2.31.so
WARNING: symbol cache file has wrong version

module load event: "libdynamorio.so" 0x00007f69fde3c000-0x00007f69fe054000 modid: 4 /home/marcelosdias/UFPEL/AED 1/GitHub/AED-1/Estruturas de Dados/DrMemory-Linux-2.3.0-1/dynamorio/lib64/release/libdynamorio.so
WARNING: unable to open [vdso]
WARNING: symbol cache file has wrong version

module load event: "linux-vdso.so.1" 0x00007fff5f9d2000-0x00007fff5f9d3000 modid: 5 [vdso]

module load event: "libc.so.6" 0x00007f69fd831000-0x00007f69fda23000 modid: 6 /usr/lib/x86_64-linux-gnu/libc-2.31.so
WARNING: unable to load symbols for /usr/lib/x86_64-linux-gnu/libc-2.31.so

DUPLICATE ERROR COUNTS:

SUPPRESSIONS USED:
	    20x: default i#79 (ld-linux)
	     2x (leaked    4504 bytes): default (ld-linux stores index+1)

NO ERRORS FOUND:
      0 unique,     0 total unaddressable access(es)
      0 unique,     0 total uninitialized access(es)
      0 unique,     0 total invalid heap argument(s)
      0 unique,     0 total warning(s)
      0 unique,     0 total,      0 byte(s) of leak(s)
      0 unique,     0 total,      0 byte(s) of possible leak(s)
ERRORS IGNORED:
      0 ignored assumed-innocuous system leak(s)
     15 unique,    18 total,   8753 byte(s) of still-reachable allocation(s)
         (re-run with "-show_reachable" for details)
Details: /home/marcelosdias/UFPEL/AED 1/GitHub/AED-1/Estruturas de Dados/DrMemory-Linux-2.3.0-1/drmemory/logs/DrMemory-lista.15311.000/results.txt

DUPLICATE POTENTIAL ERROR COUNTS:

NO POTENTIAL ERRORS FOUND:
      0 unique,     0 total potential unaddressable access(es)
      0 unique,     0 total potential uninitialized access(es)
      0 unique,     0 total potential invalid heap argument(s)
      0 unique,     0 total potential warning(s)
      0 unique,     0 total,      0 byte(s) of potential leak(s)
      0 unique,     0 total,      0 byte(s) of potential possible leak(s)
Details: /home/marcelosdias/UFPEL/AED 1/GitHub/AED-1/Estruturas de Dados/DrMemory-Linux-2.3.0-1/drmemory/logs/DrMemory-lista.15311.000/potential_errors.txt
Exiting @0:00:01.814 in thread 15311
LOG END
