process=24063, parent=23944
Dr. Memory version 2.3.0 build 1 built on Feb  6 2020 01:44:52
start time: 3679984:46:11.186 == 16:46:11.186 10/23/2020
Recorded 17 suppression(s) from default /home/marcelosdias/UFPEL/AED 1/GitHub/AED-1/Atividades da Segunda Semana/DrMemory-Linux-2.3.0-1/bin64/suppress-default.txt
new thread #0 id=24063
WARNING: symbol cache file has wrong version

module load event: "libdrmemorylib.so" 0x00007f8977ec7000-0x00007f8978026000 modid: 1 /home/marcelosdias/UFPEL/AED 1/GitHub/AED-1/Atividades da Segunda Semana/DrMemory-Linux-2.3.0-1/bin64/release/libdrmemorylib.so
WARNING: symbol cache file has wrong version

module load event: "aula2-slide27" 0x00007f8987ec7000-0x00007f8987ecc000 modid: 2 /home/marcelosdias/UFPEL/AED 1/GitHub/AED-1/Atividades da Segunda Semana/aula2-slide27
WARNING: symbol cache file has wrong version

module load event: "ld-linux-x86-64.so.2" 0x00007f898be9c000-0x00007f898becc000 modid: 3 /usr/lib/x86_64-linux-gnu/ld-2.31.so
WARNING: unable to load symbols for /usr/lib/x86_64-linux-gnu/ld-2.31.so
WARNING: symbol cache file has wrong version

module load event: "libdynamorio.so" 0x00007f898bed2000-0x00007f898c0ea000 modid: 4 /home/marcelosdias/UFPEL/AED 1/GitHub/AED-1/Atividades da Segunda Semana/DrMemory-Linux-2.3.0-1/dynamorio/lib64/release/libdynamorio.so
WARNING: unable to open [vdso]
WARNING: symbol cache file has wrong version

module load event: "linux-vdso.so.1" 0x00007ffc8158e000-0x00007ffc8158f000 modid: 5 [vdso]

module load event: "libc.so.6" 0x00007f898b8c7000-0x00007f898bab9000 modid: 6 /usr/lib/x86_64-linux-gnu/libc-2.31.so
WARNING: unable to load symbols for /usr/lib/x86_64-linux-gnu/libc-2.31.so

NEW THREAD: main thread 24063


Error #1: UNINITIALIZED READ: reading register eax
# 0 main          (0x00007f8987ec82ec <aula2-slide27+0x12ec>) modid:2
Note: @0:00:06.879 in thread 24063
Note: instruction: test   %eax %eax
	error end

Error #2: UNINITIALIZED READ: reading register r11
# 0 libc.so.6!?         (0x00007f898b941ad5 <libc.so.6+0x7aad5>) modid:6
# 1 libc.so.6!_IO_printf (0x00007f898b92bebf <libc.so.6+0x64ebf>) modid:6
# 2 libc.so.6!__libc_start_main (0x00007f898b8ee0b3 <libc.so.6+0x270b3>) modid:6
# 3 _start        (0x00007f8987ec812e <aula2-slide27+0x112e>) modid:2
Note: @0:00:06.887 in thread 24063
Note: instruction: test   %r11 %r11
	error end

Error #3: UNADDRESSABLE ACCESS beyond heap bounds: reading 0x00007f8987ed08a8-0x00007f8987ed08ac 4 byte(s)
# 0 main          (0x00007f8987ec82ea <aula2-slide27+0x12ea>) modid:2
Note: @0:00:06.892 in thread 24063
Note: refers to 0 byte(s) beyond last valid byte in prior malloc
Note: prev lower malloc:  0x00007f8987ed08a0-0x00007f8987ed08a8
Note: instruction: mov    (%rax) -> %eax
	error end

Error #4: LEAK 8 direct bytes 0x00007f8987ed08a0-0x00007f8987ed08a8 + 0 indirect bytes
# 0 replace_malloc    [/drmemory_package/common/alloc_replace.c:2577] (0x00007f8977f10bc0 <libdrmemorylib.so+0x49bc0>) modid:1
# 1 realloc2      (0x00007f8987ec832e <aula2-slide27+0x132e>) modid:2
# 2 main          (0x00007f8987ec82b3 <aula2-slide27+0x12b3>) modid:2
	error end

DUPLICATE ERROR COUNTS:

SUPPRESSIONS USED:
	    20x: default i#79 (ld-linux)
	     2x (leaked    4504 bytes): default (ld-linux stores index+1)

ERRORS FOUND:
      1 unique,     1 total unaddressable access(es)
      2 unique,     2 total uninitialized access(es)
      0 unique,     0 total invalid heap argument(s)
      0 unique,     0 total warning(s)
      1 unique,     1 total,      8 byte(s) of leak(s)
      0 unique,     0 total,      0 byte(s) of possible leak(s)
ERRORS IGNORED:
      0 ignored assumed-innocuous system leak(s)
     15 unique,    18 total,   8801 byte(s) of still-reachable allocation(s)
         (re-run with "-show_reachable" for details)
Details: /home/marcelosdias/UFPEL/AED 1/GitHub/AED-1/Atividades da Segunda Semana/DrMemory-Linux-2.3.0-1/drmemory/logs/DrMemory-aula2-slide27.24063.000/results.txt

DUPLICATE POTENTIAL ERROR COUNTS:

POTENTIAL ERRORS FOUND:
      0 unique,     0 total potential unaddressable access(es)
      0 unique,     0 total potential uninitialized access(es)
      0 unique,     0 total potential invalid heap argument(s)
      0 unique,     0 total potential warning(s)
      0 unique,     0 total,      0 byte(s) of potential leak(s)
      0 unique,     0 total,      0 byte(s) of potential possible leak(s)
Details: /home/marcelosdias/UFPEL/AED 1/GitHub/AED-1/Atividades da Segunda Semana/DrMemory-Linux-2.3.0-1/drmemory/logs/DrMemory-aula2-slide27.24063.000/potential_errors.txt
Exiting @0:00:06.931 in thread 24063
LOG END
