process=6268, parent=6225
Dr. Memory version 2.3.0 build 1 built on Feb  6 2020 01:44:52
start time: 3680513:12:40.835 == 17:12:40.835 11/14/2020
Recorded 17 suppression(s) from default /home/marcelosdias/UFPEL/AED 1/GitHub/AED-1/Agenda/DrMemory-Linux-2.3.0-1/bin64/suppress-default.txt
new thread #0 id=6268
WARNING: symbol cache file has wrong version

module load event: "libdrmemorylib.so" 0x00007fc405564000-0x00007fc4056c3000 modid: 1 /home/marcelosdias/UFPEL/AED 1/GitHub/AED-1/Agenda/DrMemory-Linux-2.3.0-1/bin64/release/libdrmemorylib.so

module load event: "a" 0x00007fc415564000-0x00007fc415569000 modid: 2 /home/marcelosdias/UFPEL/AED 1/GitHub/AED-1/Agenda/a
WARNING: symbol cache file has wrong version

module load event: "ld-linux-x86-64.so.2" 0x00007fc419539000-0x00007fc419569000 modid: 3 /usr/lib/x86_64-linux-gnu/ld-2.31.so
WARNING: unable to load symbols for /usr/lib/x86_64-linux-gnu/ld-2.31.so
WARNING: symbol cache file has wrong version

module load event: "libdynamorio.so" 0x00007fc41956f000-0x00007fc419787000 modid: 4 /home/marcelosdias/UFPEL/AED 1/GitHub/AED-1/Agenda/DrMemory-Linux-2.3.0-1/dynamorio/lib64/release/libdynamorio.so
WARNING: unable to open [vdso]
WARNING: symbol cache file has wrong version

module load event: "linux-vdso.so.1" 0x00007ffe97bde000-0x00007ffe97bdf000 modid: 5 [vdso]

module load event: "libc.so.6" 0x00007fc418f64000-0x00007fc419156000 modid: 6 /usr/lib/x86_64-linux-gnu/libc-2.31.so
WARNING: unable to load symbols for /usr/lib/x86_64-linux-gnu/libc-2.31.so

NEW THREAD: main thread 6268


Error #1: UNINITIALIZED READ: reading register rax
# 0 insere (0x00007fc415565360 <a+0x1360>) modid:2
# 1 main (0x00007fc4155652cb <a+0x12cb>) modid:2
Note: @0:00:07.331 in thread 6268
Note: instruction: test   %rax %rax
	error end

DUPLICATE ERROR COUNTS:

SUPPRESSIONS USED:
	    15x: default i#79 (ld-linux)
	     2x (leaked    4504 bytes): default (ld-linux stores index+1)

ERRORS FOUND:
      0 unique,     0 total unaddressable access(es)
      1 unique,     1 total uninitialized access(es)
      0 unique,     0 total invalid heap argument(s)
      0 unique,     0 total warning(s)
      0 unique,     0 total,      0 byte(s) of leak(s)
      0 unique,     0 total,      0 byte(s) of possible leak(s)
ERRORS IGNORED:
      0 ignored assumed-innocuous system leak(s)
     18 unique,    21 total,   8865 byte(s) of still-reachable allocation(s)
         (re-run with "-show_reachable" for details)
Details: /home/marcelosdias/UFPEL/AED 1/GitHub/AED-1/Agenda/DrMemory-Linux-2.3.0-1/drmemory/logs/DrMemory-a.6268.000/results.txt

DUPLICATE POTENTIAL ERROR COUNTS:

POTENTIAL ERRORS FOUND:
      0 unique,     0 total potential unaddressable access(es)
      0 unique,     0 total potential uninitialized access(es)
      0 unique,     0 total potential invalid heap argument(s)
      0 unique,     0 total potential warning(s)
      0 unique,     0 total,      0 byte(s) of potential leak(s)
      0 unique,     0 total,      0 byte(s) of potential possible leak(s)
Details: /home/marcelosdias/UFPEL/AED 1/GitHub/AED-1/Agenda/DrMemory-Linux-2.3.0-1/drmemory/logs/DrMemory-a.6268.000/potential_errors.txt
Exiting @0:01:47.190 in thread 6268
LOG END
