process=9146, parent=9140
Dr. Memory version 2.3.0 build 1 built on Feb  6 2020 01:44:52
start time: 3680344:49:55.541 == 16:49:55.541 11/07/2020
Recorded 17 suppression(s) from default /home/marcelosdias/UFPEL/AED 1/Pilha/DrMemory-Linux-2.3.0-1/bin64/suppress-default.txt
new thread #0 id=9146
WARNING: symbol cache file has wrong version

module load event: "libdrmemorylib.so" 0x00007fce93d5d000-0x00007fce93ebc000 modid: 1 /home/marcelosdias/UFPEL/AED 1/Pilha/DrMemory-Linux-2.3.0-1/bin64/release/libdrmemorylib.so
WARNING: symbol cache file has wrong version

module load event: "pilhaDinamica" 0x00007fcea3d5d000-0x00007fcea3d62000 modid: 2 /home/marcelosdias/UFPEL/AED 1/Pilha/pilhaDinamica
WARNING: symbol cache file has wrong version

module load event: "ld-linux-x86-64.so.2" 0x00007fcea7d32000-0x00007fcea7d62000 modid: 3 /usr/lib/x86_64-linux-gnu/ld-2.31.so
WARNING: unable to load symbols for /usr/lib/x86_64-linux-gnu/ld-2.31.so
WARNING: symbol cache file has wrong version

module load event: "libdynamorio.so" 0x00007fcea7d68000-0x00007fcea7f80000 modid: 4 /home/marcelosdias/UFPEL/AED 1/Pilha/DrMemory-Linux-2.3.0-1/dynamorio/lib64/release/libdynamorio.so
WARNING: unable to open [vdso]
WARNING: symbol cache file has wrong version

module load event: "linux-vdso.so.1" 0x00007ffdf878e000-0x00007ffdf878f000 modid: 5 [vdso]

module load event: "libc.so.6" 0x00007fcea775d000-0x00007fcea794f000 modid: 6 /usr/lib/x86_64-linux-gnu/libc-2.31.so
WARNING: unable to load symbols for /usr/lib/x86_64-linux-gnu/libc-2.31.so

DUPLICATE ERROR COUNTS:

SUPPRESSIONS USED:
	    20x: default i#79 (ld-linux)
	     2x (leaked    4504 bytes): default (ld-linux stores index+1)

NO ERRORS FOUND:
      0 unique,     0 total unaddressable access(es)
      0 unique,     0 total uninitialized access(es)
      0 unique,     0 total invalid heap argument(s)
      0 unique,     0 total warning(s)
      0 unique,     0 total,      0 byte(s) of leak(s)
      0 unique,     0 total,      0 byte(s) of possible leak(s)
ERRORS IGNORED:
      0 ignored assumed-innocuous system leak(s)
     15 unique,    18 total,   8777 byte(s) of still-reachable allocation(s)
         (re-run with "-show_reachable" for details)
Details: /home/marcelosdias/UFPEL/AED 1/Pilha/DrMemory-Linux-2.3.0-1/drmemory/logs/DrMemory-pilhaDinamica.9146.000/results.txt

DUPLICATE POTENTIAL ERROR COUNTS:

NO POTENTIAL ERRORS FOUND:
      0 unique,     0 total potential unaddressable access(es)
      0 unique,     0 total potential uninitialized access(es)
      0 unique,     0 total potential invalid heap argument(s)
      0 unique,     0 total potential warning(s)
      0 unique,     0 total,      0 byte(s) of potential leak(s)
      0 unique,     0 total,      0 byte(s) of potential possible leak(s)
Details: /home/marcelosdias/UFPEL/AED 1/Pilha/DrMemory-Linux-2.3.0-1/drmemory/logs/DrMemory-pilhaDinamica.9146.000/potential_errors.txt
Exiting @0:00:16.802 in thread 9146
LOG END
