process=23992, parent=23944
Dr. Memory version 2.3.0 build 1 built on Feb  6 2020 01:44:52
start time: 3679984:44:59.139 == 16:44:59.139 10/23/2020
Recorded 17 suppression(s) from default /home/marcelosdias/UFPEL/AED 1/GitHub/AED-1/Atividades da Segunda Semana/DrMemory-Linux-2.3.0-1/bin64/suppress-default.txt
new thread #0 id=23992
WARNING: symbol cache file has wrong version

module load event: "libdrmemorylib.so" 0x00007f9a312ef000-0x00007f9a3144e000 modid: 1 /home/marcelosdias/UFPEL/AED 1/GitHub/AED-1/Atividades da Segunda Semana/DrMemory-Linux-2.3.0-1/bin64/release/libdrmemorylib.so

module load event: "aula2-slide27" 0x00007f9a412ef000-0x00007f9a412f4000 modid: 2 /home/marcelosdias/UFPEL/AED 1/GitHub/AED-1/Atividades da Segunda Semana/aula2-slide27
WARNING: symbol cache file has wrong version

module load event: "ld-linux-x86-64.so.2" 0x00007f9a452c4000-0x00007f9a452f4000 modid: 3 /usr/lib/x86_64-linux-gnu/ld-2.31.so
WARNING: unable to load symbols for /usr/lib/x86_64-linux-gnu/ld-2.31.so
WARNING: symbol cache file has wrong version

module load event: "libdynamorio.so" 0x00007f9a452fa000-0x00007f9a45512000 modid: 4 /home/marcelosdias/UFPEL/AED 1/GitHub/AED-1/Atividades da Segunda Semana/DrMemory-Linux-2.3.0-1/dynamorio/lib64/release/libdynamorio.so
WARNING: unable to open [vdso]
WARNING: symbol cache file has wrong version

module load event: "linux-vdso.so.1" 0x00007ffcefa89000-0x00007ffcefa8a000 modid: 5 [vdso]

module load event: "libc.so.6" 0x00007f9a44cef000-0x00007f9a44ee1000 modid: 6 /usr/lib/x86_64-linux-gnu/libc-2.31.so
WARNING: unable to load symbols for /usr/lib/x86_64-linux-gnu/libc-2.31.so

NEW THREAD: main thread 23992


Error #1: UNADDRESSABLE ACCESS beyond heap bounds: reading 0x00007f9a412f8034-0x00007f9a412f8038 4 byte(s)
# 0 main          (0x00007f9a412f02e7 <aula2-slide27+0x12e7>) modid:2
Note: @0:00:04.117 in thread 23992
Note: next higher malloc: 0x00007f9a412f8060-0x00007f9a412f8460
Note: refers to 0 byte(s) beyond last valid byte in prior malloc
Note: prev lower malloc:  0x00007f9a412f8030-0x00007f9a412f8034
Note: instruction: mov    (%rax) -> %eax
	error end

Error #2: LEAK 4 direct bytes 0x00007f9a412f8030-0x00007f9a412f8034 + 0 indirect bytes
# 0 replace_malloc    [/drmemory_package/common/alloc_replace.c:2577] (0x00007f9a31338bc0 <libdrmemorylib.so+0x49bc0>) modid:1
# 1 main          (0x00007f9a412f021c <aula2-slide27+0x121c>) modid:2
	error end

DUPLICATE ERROR COUNTS:

SUPPRESSIONS USED:
	    20x: default i#79 (ld-linux)
	     2x (leaked    4504 bytes): default (ld-linux stores index+1)

ERRORS FOUND:
      1 unique,     1 total unaddressable access(es)
      0 unique,     0 total uninitialized access(es)
      0 unique,     0 total invalid heap argument(s)
      0 unique,     0 total warning(s)
      1 unique,     1 total,      4 byte(s) of leak(s)
      0 unique,     0 total,      0 byte(s) of possible leak(s)
ERRORS IGNORED:
      0 ignored assumed-innocuous system leak(s)
     15 unique,    18 total,   8801 byte(s) of still-reachable allocation(s)
         (re-run with "-show_reachable" for details)
Details: /home/marcelosdias/UFPEL/AED 1/GitHub/AED-1/Atividades da Segunda Semana/DrMemory-Linux-2.3.0-1/drmemory/logs/DrMemory-aula2-slide27.23992.000/results.txt

DUPLICATE POTENTIAL ERROR COUNTS:

POTENTIAL ERRORS FOUND:
      0 unique,     0 total potential unaddressable access(es)
      0 unique,     0 total potential uninitialized access(es)
      0 unique,     0 total potential invalid heap argument(s)
      0 unique,     0 total potential warning(s)
      0 unique,     0 total,      0 byte(s) of potential leak(s)
      0 unique,     0 total,      0 byte(s) of potential possible leak(s)
Details: /home/marcelosdias/UFPEL/AED 1/GitHub/AED-1/Atividades da Segunda Semana/DrMemory-Linux-2.3.0-1/drmemory/logs/DrMemory-aula2-slide27.23992.000/potential_errors.txt
Exiting @0:00:04.181 in thread 23992
LOG END
