process=44283, parent=43782
Dr. Memory version 2.3.0 build 1 built on Feb  6 2020 01:44:52
start time: 3680183:51:14.998 == 23:51:14.998 10/31/2020
Recorded 17 suppression(s) from default /home/marcelosdias/UFPEL/AED 1/GitHub/AED-1/Atividades da Terceira Semana/DrMemory-Linux-2.3.0-1/bin64/suppress-default.txt
new thread #0 id=44283
WARNING: symbol cache file has wrong version

module load event: "libdrmemorylib.so" 0x00007f08b311c000-0x00007f08b327b000 modid: 1 /home/marcelosdias/UFPEL/AED 1/GitHub/AED-1/Atividades da Terceira Semana/DrMemory-Linux-2.3.0-1/bin64/release/libdrmemorylib.so
WARNING: symbol cache file has wrong version

module load event: "exercicio7" 0x00007f08c311c000-0x00007f08c3121000 modid: 2 /home/marcelosdias/UFPEL/AED 1/GitHub/AED-1/Atividades da Terceira Semana/exercicio7
WARNING: symbol cache file has wrong version

module load event: "ld-linux-x86-64.so.2" 0x00007f08c70f1000-0x00007f08c7121000 modid: 3 /usr/lib/x86_64-linux-gnu/ld-2.31.so
WARNING: unable to load symbols for /usr/lib/x86_64-linux-gnu/ld-2.31.so
WARNING: symbol cache file has wrong version

module load event: "libdynamorio.so" 0x00007f08c7127000-0x00007f08c733f000 modid: 4 /home/marcelosdias/UFPEL/AED 1/GitHub/AED-1/Atividades da Terceira Semana/DrMemory-Linux-2.3.0-1/dynamorio/lib64/release/libdynamorio.so
WARNING: unable to open [vdso]
WARNING: symbol cache file has wrong version

module load event: "linux-vdso.so.1" 0x00007ffc36389000-0x00007ffc3638a000 modid: 5 [vdso]

module load event: "libc.so.6" 0x00007f08c6b1c000-0x00007f08c6d0e000 modid: 6 /usr/lib/x86_64-linux-gnu/libc-2.31.so
WARNING: unable to load symbols for /usr/lib/x86_64-linux-gnu/libc-2.31.so

NEW THREAD: main thread 44283


Error #1: UNADDRESSABLE ACCESS beyond heap bounds: reading 0x00007f08c3125884-0x00007f08c3125888 4 byte(s)
# 0 retiraRepetidos (0x00007f08c311d408 <exercicio7+0x1408>) modid:2
# 1 main       (0x00007f08c311d2de <exercicio7+0x12de>) modid:2
Note: @0:00:02.453 in thread 44283
Note: refers to 0 byte(s) beyond last valid byte in prior malloc
Note: prev lower malloc:  0x00007f08c3125870-0x00007f08c3125884
Note: instruction: mov    (%rax) -> %eax
	error end

Error #2: UNADDRESSABLE ACCESS beyond heap bounds: reading 0x00007f08c3125884-0x00007f08c3125888 4 byte(s)
# 0 retiraRepetidos (0x00007f08c311d492 <exercicio7+0x1492>) modid:2
# 1 main       (0x00007f08c311d2de <exercicio7+0x12de>) modid:2
Note: @0:00:02.457 in thread 44283
Note: next higher malloc: 0x00007f08c31258b0-0x00007f08c31258c0
Note: refers to 0 byte(s) beyond last valid byte in prior malloc
Note: prev lower malloc:  0x00007f08c3125870-0x00007f08c3125884
Note: instruction: mov    (%rax) -> %eax
	error end

DUPLICATE ERROR COUNTS:

SUPPRESSIONS USED:
	    20x: default i#79 (ld-linux)
	     2x (leaked    4504 bytes): default (ld-linux stores index+1)

ERRORS FOUND:
      2 unique,     2 total unaddressable access(es)
      0 unique,     0 total uninitialized access(es)
      0 unique,     0 total invalid heap argument(s)
      0 unique,     0 total warning(s)
      0 unique,     0 total,      0 byte(s) of leak(s)
      0 unique,     0 total,      0 byte(s) of possible leak(s)
ERRORS IGNORED:
      0 ignored assumed-innocuous system leak(s)
     15 unique,    18 total,   8801 byte(s) of still-reachable allocation(s)
         (re-run with "-show_reachable" for details)
Details: /home/marcelosdias/UFPEL/AED 1/GitHub/AED-1/Atividades da Terceira Semana/DrMemory-Linux-2.3.0-1/drmemory/logs/DrMemory-exercicio7.44283.000/results.txt

DUPLICATE POTENTIAL ERROR COUNTS:

POTENTIAL ERRORS FOUND:
      0 unique,     0 total potential unaddressable access(es)
      0 unique,     0 total potential uninitialized access(es)
      0 unique,     0 total potential invalid heap argument(s)
      0 unique,     0 total potential warning(s)
      0 unique,     0 total,      0 byte(s) of potential leak(s)
      0 unique,     0 total,      0 byte(s) of potential possible leak(s)
Details: /home/marcelosdias/UFPEL/AED 1/GitHub/AED-1/Atividades da Terceira Semana/DrMemory-Linux-2.3.0-1/drmemory/logs/DrMemory-exercicio7.44283.000/potential_errors.txt
Exiting @0:00:02.503 in thread 44283
LOG END
