process=24883, parent=24168
Dr. Memory version 2.3.0 build 1 built on Feb  6 2020 01:44:52
start time: 3679984:52:04.670 == 16:52:04.670 10/23/2020
Recorded 17 suppression(s) from default /home/marcelosdias/UFPEL/AED 1/GitHub/AED-1/Atividades da Segunda Semana/DrMemory-Linux-2.3.0-1/bin64/suppress-default.txt
new thread #0 id=24883
WARNING: symbol cache file has wrong version

module load event: "libdrmemorylib.so" 0x00007f4264862000-0x00007f42649c1000 modid: 1 /home/marcelosdias/UFPEL/AED 1/GitHub/AED-1/Atividades da Segunda Semana/DrMemory-Linux-2.3.0-1/bin64/release/libdrmemorylib.so
WARNING: symbol cache file has wrong version

module load event: "aula2-slide27" 0x00007f4274862000-0x00007f4274867000 modid: 2 /home/marcelosdias/UFPEL/AED 1/GitHub/AED-1/Atividades da Segunda Semana/aula2-slide27
WARNING: symbol cache file has wrong version

module load event: "ld-linux-x86-64.so.2" 0x00007f4278837000-0x00007f4278867000 modid: 3 /usr/lib/x86_64-linux-gnu/ld-2.31.so
WARNING: unable to load symbols for /usr/lib/x86_64-linux-gnu/ld-2.31.so
WARNING: symbol cache file has wrong version

module load event: "libdynamorio.so" 0x00007f427886d000-0x00007f4278a85000 modid: 4 /home/marcelosdias/UFPEL/AED 1/GitHub/AED-1/Atividades da Segunda Semana/DrMemory-Linux-2.3.0-1/dynamorio/lib64/release/libdynamorio.so
WARNING: unable to open [vdso]
WARNING: symbol cache file has wrong version

module load event: "linux-vdso.so.1" 0x00007ffd0c5b5000-0x00007ffd0c5b6000 modid: 5 [vdso]

module load event: "libc.so.6" 0x00007f4278262000-0x00007f4278454000 modid: 6 /usr/lib/x86_64-linux-gnu/libc-2.31.so
WARNING: unable to load symbols for /usr/lib/x86_64-linux-gnu/libc-2.31.so

NEW THREAD: main thread 24883


Error #1: UNINITIALIZED READ: reading register r11
# 0 libc.so.6!?         (0x00007f42782dcad5 <libc.so.6+0x7aad5>) modid:6
# 1 libc.so.6!_IO_printf (0x00007f42782c6ebf <libc.so.6+0x64ebf>) modid:6
# 2 libc.so.6!__libc_start_main (0x00007f42782890b3 <libc.so.6+0x270b3>) modid:6
# 3 _start        (0x00007f427486312e <aula2-slide27+0x112e>) modid:2
Note: @0:00:07.049 in thread 24883
Note: instruction: test   %r11 %r11
	error end

Error #2: LEAK 8 direct bytes 0x00007f427486b8a0-0x00007f427486b8a8 + 0 indirect bytes
# 0 replace_malloc    [/drmemory_package/common/alloc_replace.c:2577] (0x00007f42648abbc0 <libdrmemorylib.so+0x49bc0>) modid:1
# 1 realloc2      (0x00007f4274863353 <aula2-slide27+0x1353>) modid:2
# 2 main          (0x00007f42748632ad <aula2-slide27+0x12ad>) modid:2
	error end

DUPLICATE ERROR COUNTS:

SUPPRESSIONS USED:
	    20x: default i#79 (ld-linux)
	     2x (leaked    4504 bytes): default (ld-linux stores index+1)

ERRORS FOUND:
      0 unique,     0 total unaddressable access(es)
      1 unique,     1 total uninitialized access(es)
      0 unique,     0 total invalid heap argument(s)
      0 unique,     0 total warning(s)
      1 unique,     1 total,      8 byte(s) of leak(s)
      0 unique,     0 total,      0 byte(s) of possible leak(s)
ERRORS IGNORED:
      0 ignored assumed-innocuous system leak(s)
     15 unique,    18 total,   8801 byte(s) of still-reachable allocation(s)
         (re-run with "-show_reachable" for details)
Details: /home/marcelosdias/UFPEL/AED 1/GitHub/AED-1/Atividades da Segunda Semana/DrMemory-Linux-2.3.0-1/drmemory/logs/DrMemory-aula2-slide27.24883.000/results.txt

DUPLICATE POTENTIAL ERROR COUNTS:

POTENTIAL ERRORS FOUND:
      0 unique,     0 total potential unaddressable access(es)
      0 unique,     0 total potential uninitialized access(es)
      0 unique,     0 total potential invalid heap argument(s)
      0 unique,     0 total potential warning(s)
      0 unique,     0 total,      0 byte(s) of potential leak(s)
      0 unique,     0 total,      0 byte(s) of potential possible leak(s)
Details: /home/marcelosdias/UFPEL/AED 1/GitHub/AED-1/Atividades da Segunda Semana/DrMemory-Linux-2.3.0-1/drmemory/logs/DrMemory-aula2-slide27.24883.000/potential_errors.txt
Exiting @0:00:07.087 in thread 24883
LOG END
