process=8275, parent=8226
Dr. Memory version 2.3.0 build 1 built on Feb  6 2020 01:44:52
start time: 3680321:32:43.993 == 17:32:43.993 11/06/2020
Recorded 17 suppression(s) from default /home/marcelosdias/UFPEL/AED 1/Pilha/DrMemory-Linux-2.3.0-1/bin64/suppress-default.txt
new thread #0 id=8275
WARNING: symbol cache file has wrong version

module load event: "libdrmemorylib.so" 0x00007fa6365f9000-0x00007fa636758000 modid: 1 /home/marcelosdias/UFPEL/AED 1/Pilha/DrMemory-Linux-2.3.0-1/bin64/release/libdrmemorylib.so

module load event: "pilhaDinamica" 0x00007fa6465f9000-0x00007fa6465fe000 modid: 2 /home/marcelosdias/UFPEL/AED 1/Pilha/pilhaDinamica
WARNING: symbol cache file has wrong version

module load event: "ld-linux-x86-64.so.2" 0x00007fa64a5ce000-0x00007fa64a5fe000 modid: 3 /usr/lib/x86_64-linux-gnu/ld-2.31.so
WARNING: unable to load symbols for /usr/lib/x86_64-linux-gnu/ld-2.31.so
WARNING: symbol cache file has wrong version

module load event: "libdynamorio.so" 0x00007fa64a604000-0x00007fa64a81c000 modid: 4 /home/marcelosdias/UFPEL/AED 1/Pilha/DrMemory-Linux-2.3.0-1/dynamorio/lib64/release/libdynamorio.so
WARNING: unable to open [vdso]
WARNING: symbol cache file has wrong version

module load event: "linux-vdso.so.1" 0x00007ffd2ddac000-0x00007ffd2ddad000 modid: 5 [vdso]

module load event: "libc.so.6" 0x00007fa649ff9000-0x00007fa64a1eb000 modid: 6 /usr/lib/x86_64-linux-gnu/libc-2.31.so
WARNING: unable to load symbols for /usr/lib/x86_64-linux-gnu/libc-2.31.so

NEW THREAD: main thread 8275


Error #1: UNINITIALIZED READ: reading register rax
# 0 PUSH          (0x00007fa6465fa436 <pilhaDinamica+0x1436>) modid:2
# 1 main          (0x00007fa6465fa2e3 <pilhaDinamica+0x12e3>) modid:2
Note: @0:00:03.521 in thread 8275
Note: instruction: test   %rax %rax
	error end

Error #2: UNINITIALIZED READ: reading register rdx
# 0 PUSH          (0x00007fa6465fa4d7 <pilhaDinamica+0x14d7>) modid:2
# 1 main          (0x00007fa6465fa2e3 <pilhaDinamica+0x12e3>) modid:2
Note: @0:00:03.523 in thread 8275
Note: instruction: mov    %rcx -> (%rdx)
	error end

Error #3: UNINITIALIZED READ: reading register rdx
# 0 PUSH          (0x00007fa6465fa4d7 <pilhaDinamica+0x14d7>) modid:2
# 1 main          (0x00007fa6465fa32f <pilhaDinamica+0x132f>) modid:2
Note: @0:00:08.223 in thread 8275
Note: instruction: mov    %rcx -> (%rdx)
	error end

Error #4: LEAK 112 direct bytes 0x00007fa6466024e0-0x00007fa646602550 + 0 indirect bytes
# 0 replace_realloc   [/drmemory_package/common/alloc_replace.c:2669] (0x00007fa636642d40 <libdrmemorylib.so+0x49d40>) modid:1
# 1 PUSH          (0x00007fa6465fa49e <pilhaDinamica+0x149e>) modid:2
# 2 main          (0x00007fa6465fa32f <pilhaDinamica+0x132f>) modid:2
	error end

DUPLICATE ERROR COUNTS:

SUPPRESSIONS USED:
	    15x: default i#79 (ld-linux)
	     2x (leaked    4504 bytes): default (ld-linux stores index+1)

ERRORS FOUND:
      0 unique,     0 total unaddressable access(es)
      3 unique,     3 total uninitialized access(es)
      0 unique,     0 total invalid heap argument(s)
      0 unique,     0 total warning(s)
      1 unique,     1 total,    112 byte(s) of leak(s)
      0 unique,     0 total,      0 byte(s) of possible leak(s)
ERRORS IGNORED:
      0 ignored assumed-innocuous system leak(s)
     15 unique,    18 total,   8777 byte(s) of still-reachable allocation(s)
         (re-run with "-show_reachable" for details)
Details: /home/marcelosdias/UFPEL/AED 1/Pilha/DrMemory-Linux-2.3.0-1/drmemory/logs/DrMemory-pilhaDinamica.8275.000/results.txt

DUPLICATE POTENTIAL ERROR COUNTS:

POTENTIAL ERRORS FOUND:
      0 unique,     0 total potential unaddressable access(es)
      0 unique,     0 total potential uninitialized access(es)
      0 unique,     0 total potential invalid heap argument(s)
      0 unique,     0 total potential warning(s)
      0 unique,     0 total,      0 byte(s) of potential leak(s)
      0 unique,     0 total,      0 byte(s) of potential possible leak(s)
Details: /home/marcelosdias/UFPEL/AED 1/Pilha/DrMemory-Linux-2.3.0-1/drmemory/logs/DrMemory-pilhaDinamica.8275.000/potential_errors.txt
Exiting @0:00:08.285 in thread 8275
LOG END
